[0.011s] Invoking command in '/home/prajesh/slam_ws/build/my_slam_bringup': CMAKE_PREFIX_PATH=/home/prajesh/slam_ws/install/cpp_nav2_control:/home/prajesh/slam_ws/install/my_slam_bringup:/home/prajesh/my_ws/install/my_robot_bringup:/home/prajesh/my_ws/install/my_robot_interfaces:/home/prajesh/my_ws/install/my_cpp_pkg:/home/prajesh/my_ws/install/led_system:/home/prajesh/my_ws/install/cpp_test_pkg:/home/prajesh/my_ws/install/cpp_service_test:/home/prajesh/my_ws/install/cpp_practice:/home/prajesh/my_ws/install/cpp_final_project:/home/prajesh/my_ws/install/battery_interfaces:/home/prajesh/tbot_ws/install/turtlebot3_simulations:/home/prajesh/tbot_ws/install/turtlebot3_gazebo:/home/prajesh/tbot_ws/install/turtlebot3_fake_node:/home/prajesh/my_ws/install/py_server_test:/home/prajesh/my_ws/install/py_final_project:/home/prajesh/my_ws/install/my_py_pkg:/opt/ros/humble /usr/bin/cmake --build /home/prajesh/slam_ws/build/my_slam_bringup -- -j4 -l4
[0.044s] Invoked command in '/home/prajesh/slam_ws/build/my_slam_bringup' returned '0': CMAKE_PREFIX_PATH=/home/prajesh/slam_ws/install/cpp_nav2_control:/home/prajesh/slam_ws/install/my_slam_bringup:/home/prajesh/my_ws/install/my_robot_bringup:/home/prajesh/my_ws/install/my_robot_interfaces:/home/prajesh/my_ws/install/my_cpp_pkg:/home/prajesh/my_ws/install/led_system:/home/prajesh/my_ws/install/cpp_test_pkg:/home/prajesh/my_ws/install/cpp_service_test:/home/prajesh/my_ws/install/cpp_practice:/home/prajesh/my_ws/install/cpp_final_project:/home/prajesh/my_ws/install/battery_interfaces:/home/prajesh/tbot_ws/install/turtlebot3_simulations:/home/prajesh/tbot_ws/install/turtlebot3_gazebo:/home/prajesh/tbot_ws/install/turtlebot3_fake_node:/home/prajesh/my_ws/install/py_server_test:/home/prajesh/my_ws/install/py_final_project:/home/prajesh/my_ws/install/my_py_pkg:/opt/ros/humble /usr/bin/cmake --build /home/prajesh/slam_ws/build/my_slam_bringup -- -j4 -l4
[0.064s] Invoking command in '/home/prajesh/slam_ws/build/my_slam_bringup': CMAKE_PREFIX_PATH=/home/prajesh/slam_ws/install/cpp_nav2_control:/home/prajesh/slam_ws/install/my_slam_bringup:/home/prajesh/my_ws/install/my_robot_bringup:/home/prajesh/my_ws/install/my_robot_interfaces:/home/prajesh/my_ws/install/my_cpp_pkg:/home/prajesh/my_ws/install/led_system:/home/prajesh/my_ws/install/cpp_test_pkg:/home/prajesh/my_ws/install/cpp_service_test:/home/prajesh/my_ws/install/cpp_practice:/home/prajesh/my_ws/install/cpp_final_project:/home/prajesh/my_ws/install/battery_interfaces:/home/prajesh/tbot_ws/install/turtlebot3_simulations:/home/prajesh/tbot_ws/install/turtlebot3_gazebo:/home/prajesh/tbot_ws/install/turtlebot3_fake_node:/home/prajesh/my_ws/install/py_server_test:/home/prajesh/my_ws/install/py_final_project:/home/prajesh/my_ws/install/my_py_pkg:/opt/ros/humble /usr/bin/cmake --install /home/prajesh/slam_ws/build/my_slam_bringup
[0.073s] -- Install configuration: ""
[0.073s] -- Up-to-date: /home/prajesh/slam_ws/install/my_slam_bringup/share/my_slam_bringup/launch
[0.073s] -- Installing: /home/prajesh/slam_ws/install/my_slam_bringup/share/my_slam_bringup/launch/my_slam.launch.py
[0.074s] -- Up-to-date: /home/prajesh/slam_ws/install/my_slam_bringup/share/ament_index/resource_index/package_run_dependencies/my_slam_bringup
[0.074s] -- Up-to-date: /home/prajesh/slam_ws/install/my_slam_bringup/share/ament_index/resource_index/parent_prefix_path/my_slam_bringup
[0.074s] -- Up-to-date: /home/prajesh/slam_ws/install/my_slam_bringup/share/my_slam_bringup/environment/ament_prefix_path.sh
[0.074s] -- Up-to-date: /home/prajesh/slam_ws/install/my_slam_bringup/share/my_slam_bringup/environment/ament_prefix_path.dsv
[0.074s] -- Up-to-date: /home/prajesh/slam_ws/install/my_slam_bringup/share/my_slam_bringup/environment/path.sh
[0.075s] -- Up-to-date: /home/prajesh/slam_ws/install/my_slam_bringup/share/my_slam_bringup/environment/path.dsv
[0.075s] -- Up-to-date: /home/prajesh/slam_ws/install/my_slam_bringup/share/my_slam_bringup/local_setup.bash
[0.075s] -- Up-to-date: /home/prajesh/slam_ws/install/my_slam_bringup/share/my_slam_bringup/local_setup.sh
[0.075s] -- Up-to-date: /home/prajesh/slam_ws/install/my_slam_bringup/share/my_slam_bringup/local_setup.zsh
[0.075s] -- Up-to-date: /home/prajesh/slam_ws/install/my_slam_bringup/share/my_slam_bringup/local_setup.dsv
[0.076s] -- Installing: /home/prajesh/slam_ws/install/my_slam_bringup/share/my_slam_bringup/package.dsv
[0.076s] -- Up-to-date: /home/prajesh/slam_ws/install/my_slam_bringup/share/ament_index/resource_index/packages/my_slam_bringup
[0.076s] -- Up-to-date: /home/prajesh/slam_ws/install/my_slam_bringup/share/my_slam_bringup/cmake/my_slam_bringupConfig.cmake
[0.076s] -- Up-to-date: /home/prajesh/slam_ws/install/my_slam_bringup/share/my_slam_bringup/cmake/my_slam_bringupConfig-version.cmake
[0.076s] -- Up-to-date: /home/prajesh/slam_ws/install/my_slam_bringup/share/my_slam_bringup/package.xml
[0.080s] Invoked command in '/home/prajesh/slam_ws/build/my_slam_bringup' returned '0': CMAKE_PREFIX_PATH=/home/prajesh/slam_ws/install/cpp_nav2_control:/home/prajesh/slam_ws/install/my_slam_bringup:/home/prajesh/my_ws/install/my_robot_bringup:/home/prajesh/my_ws/install/my_robot_interfaces:/home/prajesh/my_ws/install/my_cpp_pkg:/home/prajesh/my_ws/install/led_system:/home/prajesh/my_ws/install/cpp_test_pkg:/home/prajesh/my_ws/install/cpp_service_test:/home/prajesh/my_ws/install/cpp_practice:/home/prajesh/my_ws/install/cpp_final_project:/home/prajesh/my_ws/install/battery_interfaces:/home/prajesh/tbot_ws/install/turtlebot3_simulations:/home/prajesh/tbot_ws/install/turtlebot3_gazebo:/home/prajesh/tbot_ws/install/turtlebot3_fake_node:/home/prajesh/my_ws/install/py_server_test:/home/prajesh/my_ws/install/py_final_project:/home/prajesh/my_ws/install/my_py_pkg:/opt/ros/humble /usr/bin/cmake --install /home/prajesh/slam_ws/build/my_slam_bringup
