-- Found ament_cmake: 1.3.4 (/opt/ros/humble/share/ament_cmake/cmake)
-- Found rclcpp: 16.0.4 (/opt/ros/humble/share/rclcpp/cmake)
-- Found rosidl_generator_c: 3.1.4 (/opt/ros/humble/share/rosidl_generator_c/cmake)
-- Found rosidl_adapter: 3.1.4 (/opt/ros/humble/share/rosidl_adapter/cmake)
-- Found rosidl_generator_cpp: 3.1.4 (/opt/ros/humble/share/rosidl_generator_cpp/cmake)
-- Using all available rosidl_typesupport_c: rosidl_typesupport_fastrtps_c;rosidl_typesupport_introspection_c
-- Using all available rosidl_typesupport_cpp: rosidl_typesupport_fastrtps_cpp;rosidl_typesupport_introspection_cpp
-- Found rmw_implementation_cmake: 6.1.1 (/opt/ros/humble/share/rmw_implementation_cmake/cmake)
-- Found rmw_cyclonedds_cpp: 1.3.4 (/opt/ros/humble/share/rmw_cyclonedds_cpp/cmake)
-- Using RMW implementation 'rmw_cyclonedds_cpp' as default
-- Found std_srvs: 4.2.3 (/opt/ros/humble/share/std_srvs/cmake)
-- Found geometry_msgs: 4.2.3 (/opt/ros/humble/share/geometry_msgs/cmake)
-- Found nav2_msgs: 1.1.6 (/opt/ros/humble/share/nav2_msgs/cmake)
-- Found turtlesim: 1.4.2 (/opt/ros/humble/share/turtlesim/cmake)
-- Configuring done
-- Generating done
-- Build files have been written to: /home/prajesh/slam_ws/build/cpp_nav2_control
-- Install configuration: ""
-- Installing: /home/prajesh/slam_ws/install/cpp_nav2_control/share/ament_index/resource_index/package_run_dependencies/cpp_nav2_control
-- Installing: /home/prajesh/slam_ws/install/cpp_nav2_control/share/ament_index/resource_index/parent_prefix_path/cpp_nav2_control
-- Installing: /home/prajesh/slam_ws/install/cpp_nav2_control/share/cpp_nav2_control/environment/ament_prefix_path.sh
-- Installing: /home/prajesh/slam_ws/install/cpp_nav2_control/share/cpp_nav2_control/environment/ament_prefix_path.dsv
-- Installing: /home/prajesh/slam_ws/install/cpp_nav2_control/share/cpp_nav2_control/environment/path.sh
-- Installing: /home/prajesh/slam_ws/install/cpp_nav2_control/share/cpp_nav2_control/environment/path.dsv
-- Installing: /home/prajesh/slam_ws/install/cpp_nav2_control/share/cpp_nav2_control/local_setup.bash
-- Installing: /home/prajesh/slam_ws/install/cpp_nav2_control/share/cpp_nav2_control/local_setup.sh
-- Installing: /home/prajesh/slam_ws/install/cpp_nav2_control/share/cpp_nav2_control/local_setup.zsh
-- Installing: /home/prajesh/slam_ws/install/cpp_nav2_control/share/cpp_nav2_control/local_setup.dsv
-- Installing: /home/prajesh/slam_ws/install/cpp_nav2_control/share/cpp_nav2_control/package.dsv
-- Installing: /home/prajesh/slam_ws/install/cpp_nav2_control/share/ament_index/resource_index/packages/cpp_nav2_control
-- Installing: /home/prajesh/slam_ws/install/cpp_nav2_control/share/cpp_nav2_control/cmake/cpp_nav2_controlConfig.cmake
-- Installing: /home/prajesh/slam_ws/install/cpp_nav2_control/share/cpp_nav2_control/cmake/cpp_nav2_controlConfig-version.cmake
-- Installing: /home/prajesh/slam_ws/install/cpp_nav2_control/share/cpp_nav2_control/package.xml
