[0.021s] Invoking command in '/home/prajesh/slam_ws/build/cpp_nav2_control': CMAKE_PREFIX_PATH=${CMAKE_PREFIX_PATH}:/home/prajesh/my_ws/install/py_server_test:/home/prajesh/my_ws/install/py_final_project:/home/prajesh/my_ws/install/my_py_pkg:/opt/ros/humble /usr/bin/cmake /home/prajesh/slam_ws/src/cpp_nav2_control -DCMAKE_INSTALL_PREFIX=/home/prajesh/slam_ws/install/cpp_nav2_control
[0.051s] -- Found ament_cmake: 1.3.4 (/opt/ros/humble/share/ament_cmake/cmake)
[0.316s] -- Found rclcpp: 16.0.4 (/opt/ros/humble/share/rclcpp/cmake)
[0.370s] -- Found rosidl_generator_c: 3.1.4 (/opt/ros/humble/share/rosidl_generator_c/cmake)
[0.373s] -- Found rosidl_adapter: 3.1.4 (/opt/ros/humble/share/rosidl_adapter/cmake)
[0.387s] -- Found rosidl_generator_cpp: 3.1.4 (/opt/ros/humble/share/rosidl_generator_cpp/cmake)
[0.412s] -- Using all available rosidl_typesupport_c: rosidl_typesupport_fastrtps_c;rosidl_typesupport_introspection_c
[0.436s] -- Using all available rosidl_typesupport_cpp: rosidl_typesupport_fastrtps_cpp;rosidl_typesupport_introspection_cpp
[0.515s] -- Found rmw_implementation_cmake: 6.1.1 (/opt/ros/humble/share/rmw_implementation_cmake/cmake)
[0.519s] -- Found rmw_cyclonedds_cpp: 1.3.4 (/opt/ros/humble/share/rmw_cyclonedds_cpp/cmake)
[0.555s] -- Using RMW implementation 'rmw_cyclonedds_cpp' as default
[0.756s] -- Found std_srvs: 4.2.3 (/opt/ros/humble/share/std_srvs/cmake)
[0.800s] -- Found geometry_msgs: 4.2.3 (/opt/ros/humble/share/geometry_msgs/cmake)
[0.880s] -- Found nav2_msgs: 1.1.6 (/opt/ros/humble/share/nav2_msgs/cmake)
[1.351s] -- Found turtlesim: 1.4.2 (/opt/ros/humble/share/turtlesim/cmake)
[1.517s] -- Configuring done
[1.522s] -- Generating done
[1.524s] -- Build files have been written to: /home/prajesh/slam_ws/build/cpp_nav2_control
[1.530s] Invoked command in '/home/prajesh/slam_ws/build/cpp_nav2_control' returned '0': CMAKE_PREFIX_PATH=${CMAKE_PREFIX_PATH}:/home/prajesh/my_ws/install/py_server_test:/home/prajesh/my_ws/install/py_final_project:/home/prajesh/my_ws/install/my_py_pkg:/opt/ros/humble /usr/bin/cmake /home/prajesh/slam_ws/src/cpp_nav2_control -DCMAKE_INSTALL_PREFIX=/home/prajesh/slam_ws/install/cpp_nav2_control
[1.536s] Invoking command in '/home/prajesh/slam_ws/build/cpp_nav2_control': CMAKE_PREFIX_PATH=${CMAKE_PREFIX_PATH}:/home/prajesh/my_ws/install/py_server_test:/home/prajesh/my_ws/install/py_final_project:/home/prajesh/my_ws/install/my_py_pkg:/opt/ros/humble /usr/bin/cmake --build /home/prajesh/slam_ws/build/cpp_nav2_control -- -j4 -l4
[1.576s] Invoked command in '/home/prajesh/slam_ws/build/cpp_nav2_control' returned '0': CMAKE_PREFIX_PATH=${CMAKE_PREFIX_PATH}:/home/prajesh/my_ws/install/py_server_test:/home/prajesh/my_ws/install/py_final_project:/home/prajesh/my_ws/install/my_py_pkg:/opt/ros/humble /usr/bin/cmake --build /home/prajesh/slam_ws/build/cpp_nav2_control -- -j4 -l4
[1.610s] Invoking command in '/home/prajesh/slam_ws/build/cpp_nav2_control': CMAKE_PREFIX_PATH=${CMAKE_PREFIX_PATH}:/home/prajesh/my_ws/install/py_server_test:/home/prajesh/my_ws/install/py_final_project:/home/prajesh/my_ws/install/my_py_pkg:/opt/ros/humble /usr/bin/cmake --install /home/prajesh/slam_ws/build/cpp_nav2_control
[1.617s] -- Install configuration: ""
[1.618s] -- Installing: /home/prajesh/slam_ws/install/cpp_nav2_control/share/ament_index/resource_index/package_run_dependencies/cpp_nav2_control
[1.618s] -- Installing: /home/prajesh/slam_ws/install/cpp_nav2_control/share/ament_index/resource_index/parent_prefix_path/cpp_nav2_control
[1.618s] -- Installing: /home/prajesh/slam_ws/install/cpp_nav2_control/share/cpp_nav2_control/environment/ament_prefix_path.sh
[1.618s] -- Installing: /home/prajesh/slam_ws/install/cpp_nav2_control/share/cpp_nav2_control/environment/ament_prefix_path.dsv
[1.618s] -- Installing: /home/prajesh/slam_ws/install/cpp_nav2_control/share/cpp_nav2_control/environment/path.sh
[1.619s] -- Installing: /home/prajesh/slam_ws/install/cpp_nav2_control/share/cpp_nav2_control/environment/path.dsv
[1.619s] -- Installing: /home/prajesh/slam_ws/install/cpp_nav2_control/share/cpp_nav2_control/local_setup.bash
[1.619s] -- Installing: /home/prajesh/slam_ws/install/cpp_nav2_control/share/cpp_nav2_control/local_setup.sh
[1.619s] -- Installing: /home/prajesh/slam_ws/install/cpp_nav2_control/share/cpp_nav2_control/local_setup.zsh
[1.619s] -- Installing: /home/prajesh/slam_ws/install/cpp_nav2_control/share/cpp_nav2_control/local_setup.dsv
[1.619s] -- Installing: /home/prajesh/slam_ws/install/cpp_nav2_control/share/cpp_nav2_control/package.dsv
[1.619s] -- Installing: /home/prajesh/slam_ws/install/cpp_nav2_control/share/ament_index/resource_index/packages/cpp_nav2_control
[1.619s] -- Installing: /home/prajesh/slam_ws/install/cpp_nav2_control/share/cpp_nav2_control/cmake/cpp_nav2_controlConfig.cmake
[1.619s] -- Installing: /home/prajesh/slam_ws/install/cpp_nav2_control/share/cpp_nav2_control/cmake/cpp_nav2_controlConfig-version.cmake
[1.619s] -- Installing: /home/prajesh/slam_ws/install/cpp_nav2_control/share/cpp_nav2_control/package.xml
[1.622s] Invoked command in '/home/prajesh/slam_ws/build/cpp_nav2_control' returned '0': CMAKE_PREFIX_PATH=${CMAKE_PREFIX_PATH}:/home/prajesh/my_ws/install/py_server_test:/home/prajesh/my_ws/install/py_final_project:/home/prajesh/my_ws/install/my_py_pkg:/opt/ros/humble /usr/bin/cmake --install /home/prajesh/slam_ws/build/cpp_nav2_control
