[0.025s] Invoking command in '/home/prajesh/slam_ws/build/cpp_nav2_control': CMAKE_PREFIX_PATH=${CMAKE_PREFIX_PATH}:/home/prajesh/my_ws/install/py_server_test:/home/prajesh/my_ws/install/py_final_project:/home/prajesh/my_ws/install/my_py_pkg:/opt/ros/humble /usr/bin/cmake --build /home/prajesh/slam_ws/build/cpp_nav2_control -- -j8 -l8
[0.086s] [35m[1mConsolidate compiler generated dependencies of target random_goal_generator[0m
[0.104s] [ 50%] [32mBuilding CXX object CMakeFiles/random_goal_generator.dir/src/random_wp_gen.cpp.o[0m
[3.250s] [01m[K/home/prajesh/slam_ws/src/cpp_nav2_control/src/random_wp_gen.cpp:[m[K In member function ‘[01m[Kvoid GoalGenerator::turtle_pose_sub_callback(geometry_msgs::msg::PoseWithCovarianceStamped)[m[K’:
[3.250s] [01m[K/home/prajesh/slam_ws/src/cpp_nav2_control/src/random_wp_gen.cpp:72:18:[m[K [01;35m[Kwarning: [m[Kunused variable ‘[01m[Kmessage[m[K’ [[01;35m[K]8;;https://gcc.gnu.org/onlinedocs/gcc/Warning-Options.html#index-Wunused-variable-Wunused-variable]8;;[m[K]
[3.250s]    72 |             char [01;35m[Kmessage[m[K[30];
[3.250s]       |                  [01;35m[K^~~~~~~[m[K
[10.181s] [100%] [32m[1mLinking CXX executable random_goal_generator[0m
[11.008s] [100%] Built target random_goal_generator
[11.020s] Invoked command in '/home/prajesh/slam_ws/build/cpp_nav2_control' returned '0': CMAKE_PREFIX_PATH=${CMAKE_PREFIX_PATH}:/home/prajesh/my_ws/install/py_server_test:/home/prajesh/my_ws/install/py_final_project:/home/prajesh/my_ws/install/my_py_pkg:/opt/ros/humble /usr/bin/cmake --build /home/prajesh/slam_ws/build/cpp_nav2_control -- -j8 -l8
[11.052s] Invoking command in '/home/prajesh/slam_ws/build/cpp_nav2_control': CMAKE_PREFIX_PATH=${CMAKE_PREFIX_PATH}:/home/prajesh/my_ws/install/py_server_test:/home/prajesh/my_ws/install/py_final_project:/home/prajesh/my_ws/install/my_py_pkg:/opt/ros/humble /usr/bin/cmake --install /home/prajesh/slam_ws/build/cpp_nav2_control
[11.060s] -- Install configuration: ""
[11.061s] -- Installing: /home/prajesh/slam_ws/install/cpp_nav2_control/lib/cpp_nav2_control/random_goal_generator
[11.065s] -- Set runtime path of "/home/prajesh/slam_ws/install/cpp_nav2_control/lib/cpp_nav2_control/random_goal_generator" to ""
[11.066s] -- Up-to-date: /home/prajesh/slam_ws/install/cpp_nav2_control/share/ament_index/resource_index/package_run_dependencies/cpp_nav2_control
[11.066s] -- Up-to-date: /home/prajesh/slam_ws/install/cpp_nav2_control/share/ament_index/resource_index/parent_prefix_path/cpp_nav2_control
[11.066s] -- Up-to-date: /home/prajesh/slam_ws/install/cpp_nav2_control/share/cpp_nav2_control/environment/ament_prefix_path.sh
[11.066s] -- Up-to-date: /home/prajesh/slam_ws/install/cpp_nav2_control/share/cpp_nav2_control/environment/ament_prefix_path.dsv
[11.066s] -- Up-to-date: /home/prajesh/slam_ws/install/cpp_nav2_control/share/cpp_nav2_control/environment/path.sh
[11.066s] -- Up-to-date: /home/prajesh/slam_ws/install/cpp_nav2_control/share/cpp_nav2_control/environment/path.dsv
[11.066s] -- Up-to-date: /home/prajesh/slam_ws/install/cpp_nav2_control/share/cpp_nav2_control/local_setup.bash
[11.066s] -- Up-to-date: /home/prajesh/slam_ws/install/cpp_nav2_control/share/cpp_nav2_control/local_setup.sh
[11.066s] -- Up-to-date: /home/prajesh/slam_ws/install/cpp_nav2_control/share/cpp_nav2_control/local_setup.zsh
[11.066s] -- Up-to-date: /home/prajesh/slam_ws/install/cpp_nav2_control/share/cpp_nav2_control/local_setup.dsv
[11.067s] -- Installing: /home/prajesh/slam_ws/install/cpp_nav2_control/share/cpp_nav2_control/package.dsv
[11.068s] -- Up-to-date: /home/prajesh/slam_ws/install/cpp_nav2_control/share/ament_index/resource_index/packages/cpp_nav2_control
[11.068s] -- Up-to-date: /home/prajesh/slam_ws/install/cpp_nav2_control/share/cpp_nav2_control/cmake/cpp_nav2_controlConfig.cmake
[11.068s] -- Up-to-date: /home/prajesh/slam_ws/install/cpp_nav2_control/share/cpp_nav2_control/cmake/cpp_nav2_controlConfig-version.cmake
[11.068s] -- Up-to-date: /home/prajesh/slam_ws/install/cpp_nav2_control/share/cpp_nav2_control/package.xml
[11.070s] Invoked command in '/home/prajesh/slam_ws/build/cpp_nav2_control' returned '0': CMAKE_PREFIX_PATH=${CMAKE_PREFIX_PATH}:/home/prajesh/my_ws/install/py_server_test:/home/prajesh/my_ws/install/py_final_project:/home/prajesh/my_ws/install/my_py_pkg:/opt/ros/humble /usr/bin/cmake --install /home/prajesh/slam_ws/build/cpp_nav2_control
