-- The C compiler identification is GNU 11.3.0
-- The CXX compiler identification is GNU 11.3.0
-- Detecting C compiler ABI info
-- Detecting C compiler ABI info - done
-- Check for working C compiler: /usr/bin/cc - skipped
-- Detecting C compile features
-- Detecting C compile features - done
-- Detecting CXX compiler ABI info
-- Detecting CXX compiler ABI info - done
-- Check for working CXX compiler: /usr/bin/c++ - skipped
-- Detecting CXX compile features
-- Detecting CXX compile features - done
-- Found ament_cmake: 1.3.4 (/opt/ros/humble/share/ament_cmake/cmake)
-- Found Python3: /usr/bin/python3.10 (found version "3.10.6") found components: Interpreter 
-- Found ament_lint_auto: 0.12.6 (/opt/ros/humble/share/ament_lint_auto/cmake)
-- Added test 'lint_cmake' to check CMake code style
-- Added test 'xmllint' to check XML markup files
-- Configuring done
-- Generating done
-- Build files have been written to: /home/prajesh/slam_ws/build/my_slam_bringup
-- Install configuration: ""
-- Installing: /home/prajesh/slam_ws/install/my_slam_bringup/share/ament_index/resource_index/package_run_dependencies/my_slam_bringup
-- Installing: /home/prajesh/slam_ws/install/my_slam_bringup/share/ament_index/resource_index/parent_prefix_path/my_slam_bringup
-- Installing: /home/prajesh/slam_ws/install/my_slam_bringup/share/my_slam_bringup/environment/ament_prefix_path.sh
-- Installing: /home/prajesh/slam_ws/install/my_slam_bringup/share/my_slam_bringup/environment/ament_prefix_path.dsv
-- Installing: /home/prajesh/slam_ws/install/my_slam_bringup/share/my_slam_bringup/environment/path.sh
-- Installing: /home/prajesh/slam_ws/install/my_slam_bringup/share/my_slam_bringup/environment/path.dsv
-- Installing: /home/prajesh/slam_ws/install/my_slam_bringup/share/my_slam_bringup/local_setup.bash
-- Installing: /home/prajesh/slam_ws/install/my_slam_bringup/share/my_slam_bringup/local_setup.sh
-- Installing: /home/prajesh/slam_ws/install/my_slam_bringup/share/my_slam_bringup/local_setup.zsh
-- Installing: /home/prajesh/slam_ws/install/my_slam_bringup/share/my_slam_bringup/local_setup.dsv
-- Installing: /home/prajesh/slam_ws/install/my_slam_bringup/share/my_slam_bringup/package.dsv
-- Installing: /home/prajesh/slam_ws/install/my_slam_bringup/share/ament_index/resource_index/packages/my_slam_bringup
-- Installing: /home/prajesh/slam_ws/install/my_slam_bringup/share/my_slam_bringup/cmake/my_slam_bringupConfig.cmake
-- Installing: /home/prajesh/slam_ws/install/my_slam_bringup/share/my_slam_bringup/cmake/my_slam_bringupConfig-version.cmake
-- Installing: /home/prajesh/slam_ws/install/my_slam_bringup/share/my_slam_bringup/package.xml
