[0.016s] Invoking command in '/home/prajesh/slam_ws/build/my_slam_bringup': CMAKE_PREFIX_PATH=${CMAKE_PREFIX_PATH}:/home/prajesh/my_ws/install/py_server_test:/home/prajesh/my_ws/install/py_final_project:/home/prajesh/my_ws/install/my_py_pkg:/opt/ros/humble /usr/bin/cmake /home/prajesh/slam_ws/src/my_slam_bringup -DCMAKE_INSTALL_PREFIX=/home/prajesh/slam_ws/install/my_slam_bringup
[0.140s] -- The C compiler identification is GNU 11.3.0
[0.199s] -- The CXX compiler identification is GNU 11.3.0
[0.209s] -- Detecting C compiler ABI info
[0.280s] -- Detecting C compiler ABI info - done
[0.286s] -- Check for working C compiler: /usr/bin/cc - skipped
[0.287s] -- Detecting C compile features
[0.289s] -- Detecting C compile features - done
[0.292s] -- Detecting CXX compiler ABI info
[0.387s] -- Detecting CXX compiler ABI info - done
[0.393s] -- Check for working CXX compiler: /usr/bin/c++ - skipped
[0.393s] -- Detecting CXX compile features
[0.394s] -- Detecting CXX compile features - done
[0.403s] -- Found ament_cmake: 1.3.4 (/opt/ros/humble/share/ament_cmake/cmake)
[0.597s] -- Found Python3: /usr/bin/python3.10 (found version "3.10.6") found components: Interpreter 
[0.712s] -- Found ament_lint_auto: 0.12.6 (/opt/ros/humble/share/ament_lint_auto/cmake)
[0.815s] -- Added test 'lint_cmake' to check CMake code style
[0.818s] -- Added test 'xmllint' to check XML markup files
[0.820s] -- Configuring done
[0.823s] -- Generating done
[0.824s] -- Build files have been written to: /home/prajesh/slam_ws/build/my_slam_bringup
[0.829s] Invoked command in '/home/prajesh/slam_ws/build/my_slam_bringup' returned '0': CMAKE_PREFIX_PATH=${CMAKE_PREFIX_PATH}:/home/prajesh/my_ws/install/py_server_test:/home/prajesh/my_ws/install/py_final_project:/home/prajesh/my_ws/install/my_py_pkg:/opt/ros/humble /usr/bin/cmake /home/prajesh/slam_ws/src/my_slam_bringup -DCMAKE_INSTALL_PREFIX=/home/prajesh/slam_ws/install/my_slam_bringup
[0.830s] Invoking command in '/home/prajesh/slam_ws/build/my_slam_bringup': CMAKE_PREFIX_PATH=${CMAKE_PREFIX_PATH}:/home/prajesh/my_ws/install/py_server_test:/home/prajesh/my_ws/install/py_final_project:/home/prajesh/my_ws/install/my_py_pkg:/opt/ros/humble /usr/bin/cmake --build /home/prajesh/slam_ws/build/my_slam_bringup -- -j4 -l4
[0.874s] Invoked command in '/home/prajesh/slam_ws/build/my_slam_bringup' returned '0': CMAKE_PREFIX_PATH=${CMAKE_PREFIX_PATH}:/home/prajesh/my_ws/install/py_server_test:/home/prajesh/my_ws/install/py_final_project:/home/prajesh/my_ws/install/my_py_pkg:/opt/ros/humble /usr/bin/cmake --build /home/prajesh/slam_ws/build/my_slam_bringup -- -j4 -l4
[0.905s] Invoking command in '/home/prajesh/slam_ws/build/my_slam_bringup': CMAKE_PREFIX_PATH=${CMAKE_PREFIX_PATH}:/home/prajesh/my_ws/install/py_server_test:/home/prajesh/my_ws/install/py_final_project:/home/prajesh/my_ws/install/my_py_pkg:/opt/ros/humble /usr/bin/cmake --install /home/prajesh/slam_ws/build/my_slam_bringup
[0.912s] -- Install configuration: ""
[0.912s] -- Installing: /home/prajesh/slam_ws/install/my_slam_bringup/share/ament_index/resource_index/package_run_dependencies/my_slam_bringup
[0.912s] -- Installing: /home/prajesh/slam_ws/install/my_slam_bringup/share/ament_index/resource_index/parent_prefix_path/my_slam_bringup
[0.913s] -- Installing: /home/prajesh/slam_ws/install/my_slam_bringup/share/my_slam_bringup/environment/ament_prefix_path.sh
[0.913s] -- Installing: /home/prajesh/slam_ws/install/my_slam_bringup/share/my_slam_bringup/environment/ament_prefix_path.dsv
[0.913s] -- Installing: /home/prajesh/slam_ws/install/my_slam_bringup/share/my_slam_bringup/environment/path.sh
[0.913s] -- Installing: /home/prajesh/slam_ws/install/my_slam_bringup/share/my_slam_bringup/environment/path.dsv
[0.913s] -- Installing: /home/prajesh/slam_ws/install/my_slam_bringup/share/my_slam_bringup/local_setup.bash
[0.913s] -- Installing: /home/prajesh/slam_ws/install/my_slam_bringup/share/my_slam_bringup/local_setup.sh
[0.914s] -- Installing: /home/prajesh/slam_ws/install/my_slam_bringup/share/my_slam_bringup/local_setup.zsh
[0.914s] -- Installing: /home/prajesh/slam_ws/install/my_slam_bringup/share/my_slam_bringup/local_setup.dsv
[0.914s] -- Installing: /home/prajesh/slam_ws/install/my_slam_bringup/share/my_slam_bringup/package.dsv
[0.914s] -- Installing: /home/prajesh/slam_ws/install/my_slam_bringup/share/ament_index/resource_index/packages/my_slam_bringup
[0.914s] -- Installing: /home/prajesh/slam_ws/install/my_slam_bringup/share/my_slam_bringup/cmake/my_slam_bringupConfig.cmake
[0.914s] -- Installing: /home/prajesh/slam_ws/install/my_slam_bringup/share/my_slam_bringup/cmake/my_slam_bringupConfig-version.cmake
[0.914s] -- Installing: /home/prajesh/slam_ws/install/my_slam_bringup/share/my_slam_bringup/package.xml
[0.922s] Invoked command in '/home/prajesh/slam_ws/build/my_slam_bringup' returned '0': CMAKE_PREFIX_PATH=${CMAKE_PREFIX_PATH}:/home/prajesh/my_ws/install/py_server_test:/home/prajesh/my_ws/install/py_final_project:/home/prajesh/my_ws/install/my_py_pkg:/opt/ros/humble /usr/bin/cmake --install /home/prajesh/slam_ws/build/my_slam_bringup
