[0.012s] Invoking command in '/home/prajesh/slam_ws/build/my_slam_bringup': CMAKE_PREFIX_PATH=/home/prajesh/slam_ws/install/cpp_nav2_control:/home/prajesh/slam_ws/install/my_slam_bringup:/home/prajesh/my_ws/install/my_robot_bringup:/home/prajesh/my_ws/install/my_robot_interfaces:/home/prajesh/my_ws/install/my_cpp_pkg:/home/prajesh/my_ws/install/led_system:/home/prajesh/my_ws/install/cpp_test_pkg:/home/prajesh/my_ws/install/cpp_service_test:/home/prajesh/my_ws/install/cpp_practice:/home/prajesh/my_ws/install/cpp_final_project:/home/prajesh/my_ws/install/battery_interfaces:/home/prajesh/tbot_ws/install/turtlebot3_simulations:/home/prajesh/tbot_ws/install/turtlebot3_gazebo:/home/prajesh/tbot_ws/install/turtlebot3_fake_node:/home/prajesh/my_ws/install/py_server_test:/home/prajesh/my_ws/install/py_final_project:/home/prajesh/my_ws/install/my_py_pkg:/opt/ros/humble /usr/bin/cmake --build /home/prajesh/slam_ws/build/my_slam_bringup -- -j8 -l8
[0.032s] -- Found ament_cmake: 1.3.4 (/opt/ros/humble/share/ament_cmake/cmake)
[0.159s] [33mCMake Warning (dev) at /usr/share/cmake-3.22/Modules/FindPackageHandleStandardArgs.cmake:438 (message):
[0.159s]   The package name passed to `find_package_handle_standard_args` (PkgConfig)
[0.159s]   does not match the name of the calling package (gazebo).  This can lead to
[0.159s]   problems in calling code that expects `find_package` result variables
[0.159s]   (e.g., `_FOUND`) to follow a certain pattern.
[0.159s] Call Stack (most recent call first):
[0.159s]   /usr/share/cmake-3.22/Modules/FindPkgConfig.cmake:99 (find_package_handle_standard_args)
[0.159s]   /usr/lib/x86_64-linux-gnu/cmake/gazebo/gazebo-config.cmake:72 (include)
[0.159s]   CMakeLists.txt:10 (find_package)
[0.159s] This warning is for project developers.  Use -Wno-dev to suppress it.
[0.159s] [0m
[0.180s] -- Found DART: /usr/include (Required is at least version "6.6") found components: dart 
[0.203s] -- Found Protobuf: /usr/lib/x86_64-linux-gnu/libprotobuf.so (found version "3.12.4") 
[0.204s] -- Looking for ignition-math6 -- found version 6.12.0
[0.207s] -- Searching for dependencies of ignition-math6
[0.208s] -- Looking for OGRE...
[0.212s] -- Found Ogre Ghadamon (1.9.0)
[0.213s] -- Found OGRE: optimized;/usr/lib/x86_64-linux-gnu/libOgreMain.so;debug;/usr/lib/x86_64-linux-gnu/libOgreMain.so
[0.221s] -- Looking for OGRE_Paging...
[0.221s] -- Found OGRE_Paging: optimized;/usr/lib/x86_64-linux-gnu/libOgrePaging.so;debug;/usr/lib/x86_64-linux-gnu/libOgrePaging.so
[0.221s] -- Looking for OGRE_Terrain...
[0.221s] -- Found OGRE_Terrain: optimized;/usr/lib/x86_64-linux-gnu/libOgreTerrain.so;debug;/usr/lib/x86_64-linux-gnu/libOgreTerrain.so
[0.221s] -- Looking for OGRE_Property...
[0.222s] -- Found OGRE_Property: optimized;/usr/lib/x86_64-linux-gnu/libOgreProperty.so;debug;/usr/lib/x86_64-linux-gnu/libOgreProperty.so
[0.222s] -- Looking for OGRE_RTShaderSystem...
[0.222s] -- Found OGRE_RTShaderSystem: optimized;/usr/lib/x86_64-linux-gnu/libOgreRTShaderSystem.so;debug;/usr/lib/x86_64-linux-gnu/libOgreRTShaderSystem.so
[0.222s] -- Looking for OGRE_Volume...
[0.222s] -- Found OGRE_Volume: optimized;/usr/lib/x86_64-linux-gnu/libOgreVolume.so;debug;/usr/lib/x86_64-linux-gnu/libOgreVolume.so
[0.222s] -- Looking for OGRE_Overlay...
[0.222s] -- Found OGRE_Overlay: optimized;/usr/lib/x86_64-linux-gnu/libOgreOverlay.so;debug;/usr/lib/x86_64-linux-gnu/libOgreOverlay.so
[0.334s] -- Looking for ignition-math6 -- found version 6.12.0
[0.334s] -- Looking for ignition-transport8 -- found version 8.2.1
[0.335s] -- Searching for dependencies of ignition-transport8
[0.349s] -- Found Protobuf: /usr/lib/x86_64-linux-gnu/libprotobuf.so (found suitable version "3.12.4", minimum required is "3") 
[0.358s] -- Config-file not installed for ZeroMQ -- checking for pkg-config
[0.362s] -- Checking for module 'libzmq >= 4'
[0.372s] --   Found libzmq , version 4.3.4
[0.402s] -- Checking for module 'uuid'
[0.411s] --   Found uuid, version 2.37.2
[0.432s] -- Looking for ignition-msgs5 -- found version 5.8.1
[0.433s] -- Searching for dependencies of ignition-msgs5
[0.449s] -- Looking for ignition-math6 -- found version 6.12.0
[0.453s] -- Checking for module 'tinyxml2'
[0.463s] --   Found tinyxml2, version 9.0.0
[0.487s] -- Looking for ignition-msgs5 -- found version 5.8.1
[0.487s] -- Looking for ignition-common3 -- found version 3.14.0
[0.488s] -- Searching for dependencies of ignition-common3
[0.488s] -- Looking for dlfcn.h - found
[0.488s] -- Looking for libdl - found
[0.497s] -- Searching for <ignition-common3> component [graphics]
[0.498s] -- Looking for ignition-common3-graphics -- found version 3.14.0
[0.498s] -- Searching for dependencies of ignition-common3-graphics
[0.498s] -- Looking for ignition-math6 -- found version 6.12.0
[0.499s] -- Looking for ignition-fuel_tools4 -- found version 4.4.0
[0.500s] -- Searching for dependencies of ignition-fuel_tools4
[0.533s] -- Checking for module 'jsoncpp'
[0.542s] --   Found jsoncpp, version 1.9.5
[0.568s] -- Checking for module 'libzip'
[0.580s] --   Found libzip, version 1.7.3
[0.607s] -- Looking for ignition-common3 -- found version 3.14.0
[0.608s] -- Looking for ignition-math6 -- found version 6.12.0
[0.609s] -- Looking for ignition-msgs5 -- found version 5.8.1
[0.610s] -- Found gazebo_ros: 3.7.0 (/opt/ros/humble/share/gazebo_ros/cmake)
[0.635s] -- Found rosidl_generator_c: 3.1.4 (/opt/ros/humble/share/rosidl_generator_c/cmake)
[0.637s] -- Found rosidl_adapter: 3.1.4 (/opt/ros/humble/share/rosidl_adapter/cmake)
[0.643s] -- Found rosidl_generator_cpp: 3.1.4 (/opt/ros/humble/share/rosidl_generator_cpp/cmake)
[0.653s] -- Using all available rosidl_typesupport_c: rosidl_typesupport_fastrtps_c;rosidl_typesupport_introspection_c
[0.667s] -- Using all available rosidl_typesupport_cpp: rosidl_typesupport_fastrtps_cpp;rosidl_typesupport_introspection_cpp
[0.719s] -- Found rmw_implementation_cmake: 6.1.1 (/opt/ros/humble/share/rmw_implementation_cmake/cmake)
[0.721s] -- Found rmw_cyclonedds_cpp: 1.3.4 (/opt/ros/humble/share/rmw_cyclonedds_cpp/cmake)
[0.749s] -- Using RMW implementation 'rmw_cyclonedds_cpp' as default
[0.898s] -- Gazebo version: 11.10
[0.906s] -- Found gazebo_ros_pkgs: 3.7.0 (/opt/ros/humble/share/gazebo_ros_pkgs/cmake)
[0.906s] -- Found geometry_msgs: 4.2.3 (/opt/ros/humble/share/geometry_msgs/cmake)
[0.944s] -- Found nav_msgs: 4.2.3 (/opt/ros/humble/share/nav_msgs/cmake)
[1.025s] -- Found sensor_msgs: 4.2.3 (/opt/ros/humble/share/sensor_msgs/cmake)
[1.104s] -- Found tf2: 0.25.2 (/opt/ros/humble/share/tf2/cmake)
[1.168s] -- Configuring done
[1.179s] -- Generating done
[1.186s] -- Build files have been written to: /home/prajesh/slam_ws/build/my_slam_bringup
[1.215s] Invoked command in '/home/prajesh/slam_ws/build/my_slam_bringup' returned '0': CMAKE_PREFIX_PATH=/home/prajesh/slam_ws/install/cpp_nav2_control:/home/prajesh/slam_ws/install/my_slam_bringup:/home/prajesh/my_ws/install/my_robot_bringup:/home/prajesh/my_ws/install/my_robot_interfaces:/home/prajesh/my_ws/install/my_cpp_pkg:/home/prajesh/my_ws/install/led_system:/home/prajesh/my_ws/install/cpp_test_pkg:/home/prajesh/my_ws/install/cpp_service_test:/home/prajesh/my_ws/install/cpp_practice:/home/prajesh/my_ws/install/cpp_final_project:/home/prajesh/my_ws/install/battery_interfaces:/home/prajesh/tbot_ws/install/turtlebot3_simulations:/home/prajesh/tbot_ws/install/turtlebot3_gazebo:/home/prajesh/tbot_ws/install/turtlebot3_fake_node:/home/prajesh/my_ws/install/py_server_test:/home/prajesh/my_ws/install/py_final_project:/home/prajesh/my_ws/install/my_py_pkg:/opt/ros/humble /usr/bin/cmake --build /home/prajesh/slam_ws/build/my_slam_bringup -- -j8 -l8
[1.236s] Invoking command in '/home/prajesh/slam_ws/build/my_slam_bringup': CMAKE_PREFIX_PATH=/home/prajesh/slam_ws/install/cpp_nav2_control:/home/prajesh/slam_ws/install/my_slam_bringup:/home/prajesh/my_ws/install/my_robot_bringup:/home/prajesh/my_ws/install/my_robot_interfaces:/home/prajesh/my_ws/install/my_cpp_pkg:/home/prajesh/my_ws/install/led_system:/home/prajesh/my_ws/install/cpp_test_pkg:/home/prajesh/my_ws/install/cpp_service_test:/home/prajesh/my_ws/install/cpp_practice:/home/prajesh/my_ws/install/cpp_final_project:/home/prajesh/my_ws/install/battery_interfaces:/home/prajesh/tbot_ws/install/turtlebot3_simulations:/home/prajesh/tbot_ws/install/turtlebot3_gazebo:/home/prajesh/tbot_ws/install/turtlebot3_fake_node:/home/prajesh/my_ws/install/py_server_test:/home/prajesh/my_ws/install/py_final_project:/home/prajesh/my_ws/install/my_py_pkg:/opt/ros/humble /usr/bin/cmake --install /home/prajesh/slam_ws/build/my_slam_bringup
[1.242s] -- Install configuration: ""
[1.243s] -- Up-to-date: /home/prajesh/slam_ws/install/my_slam_bringup/share/my_slam_bringup/launch
[1.243s] -- Up-to-date: /home/prajesh/slam_ws/install/my_slam_bringup/share/my_slam_bringup/launch/my_slam.launch.py
[1.243s] -- Installing: /home/prajesh/slam_ws/install/my_slam_bringup/share/ament_index/resource_index/package_run_dependencies/my_slam_bringup
[1.243s] -- Up-to-date: /home/prajesh/slam_ws/install/my_slam_bringup/share/ament_index/resource_index/parent_prefix_path/my_slam_bringup
[1.244s] -- Up-to-date: /home/prajesh/slam_ws/install/my_slam_bringup/share/my_slam_bringup/environment/ament_prefix_path.sh
[1.244s] -- Installing: /home/prajesh/slam_ws/install/my_slam_bringup/share/my_slam_bringup/environment/ament_prefix_path.dsv
[1.244s] -- Up-to-date: /home/prajesh/slam_ws/install/my_slam_bringup/share/my_slam_bringup/environment/path.sh
[1.244s] -- Installing: /home/prajesh/slam_ws/install/my_slam_bringup/share/my_slam_bringup/environment/path.dsv
[1.244s] -- Up-to-date: /home/prajesh/slam_ws/install/my_slam_bringup/share/my_slam_bringup/local_setup.bash
[1.244s] -- Up-to-date: /home/prajesh/slam_ws/install/my_slam_bringup/share/my_slam_bringup/local_setup.sh
[1.244s] -- Up-to-date: /home/prajesh/slam_ws/install/my_slam_bringup/share/my_slam_bringup/local_setup.zsh
[1.244s] -- Installing: /home/prajesh/slam_ws/install/my_slam_bringup/share/my_slam_bringup/local_setup.dsv
[1.244s] -- Installing: /home/prajesh/slam_ws/install/my_slam_bringup/share/my_slam_bringup/package.dsv
[1.244s] -- Up-to-date: /home/prajesh/slam_ws/install/my_slam_bringup/share/ament_index/resource_index/packages/my_slam_bringup
[1.245s] -- Up-to-date: /home/prajesh/slam_ws/install/my_slam_bringup/share/my_slam_bringup/cmake/ament_cmake_export_dependencies-extras.cmake
[1.245s] -- Up-to-date: /home/prajesh/slam_ws/install/my_slam_bringup/share/my_slam_bringup/cmake/my_slam_bringupConfig.cmake
[1.245s] -- Up-to-date: /home/prajesh/slam_ws/install/my_slam_bringup/share/my_slam_bringup/cmake/my_slam_bringupConfig-version.cmake
[1.245s] -- Installing: /home/prajesh/slam_ws/install/my_slam_bringup/share/my_slam_bringup/package.xml
[1.246s] Invoked command in '/home/prajesh/slam_ws/build/my_slam_bringup' returned '0': CMAKE_PREFIX_PATH=/home/prajesh/slam_ws/install/cpp_nav2_control:/home/prajesh/slam_ws/install/my_slam_bringup:/home/prajesh/my_ws/install/my_robot_bringup:/home/prajesh/my_ws/install/my_robot_interfaces:/home/prajesh/my_ws/install/my_cpp_pkg:/home/prajesh/my_ws/install/led_system:/home/prajesh/my_ws/install/cpp_test_pkg:/home/prajesh/my_ws/install/cpp_service_test:/home/prajesh/my_ws/install/cpp_practice:/home/prajesh/my_ws/install/cpp_final_project:/home/prajesh/my_ws/install/battery_interfaces:/home/prajesh/tbot_ws/install/turtlebot3_simulations:/home/prajesh/tbot_ws/install/turtlebot3_gazebo:/home/prajesh/tbot_ws/install/turtlebot3_fake_node:/home/prajesh/my_ws/install/py_server_test:/home/prajesh/my_ws/install/py_final_project:/home/prajesh/my_ws/install/my_py_pkg:/opt/ros/humble /usr/bin/cmake --install /home/prajesh/slam_ws/build/my_slam_bringup
