[0.015s] Invoking command in '/home/prajesh/slam_ws/build/my_slam_bringup': CMAKE_PREFIX_PATH=/home/prajesh/slam_ws/install/cpp_nav2_control:/home/prajesh/slam_ws/install/my_slam_bringup:/home/prajesh/my_ws/install/my_robot_bringup:/home/prajesh/my_ws/install/my_robot_interfaces:/home/prajesh/my_ws/install/my_cpp_pkg:/home/prajesh/my_ws/install/led_system:/home/prajesh/my_ws/install/cpp_test_pkg:/home/prajesh/my_ws/install/cpp_service_test:/home/prajesh/my_ws/install/cpp_practice:/home/prajesh/my_ws/install/cpp_final_project:/home/prajesh/my_ws/install/battery_interfaces:/home/prajesh/tbot_ws/install/turtlebot3_simulations:/home/prajesh/tbot_ws/install/turtlebot3_gazebo:/home/prajesh/tbot_ws/install/turtlebot3_fake_node:/home/prajesh/my_ws/install/py_server_test:/home/prajesh/my_ws/install/py_final_project:/home/prajesh/my_ws/install/my_py_pkg:/opt/ros/humble /usr/bin/cmake --build /home/prajesh/slam_ws/build/my_slam_bringup -- -j8 -l8
[0.048s] -- Found ament_cmake: 1.3.4 (/opt/ros/humble/share/ament_cmake/cmake)
[0.223s] [33mCMake Warning (dev) at /usr/share/cmake-3.22/Modules/FindPackageHandleStandardArgs.cmake:438 (message):
[0.223s]   The package name passed to `find_package_handle_standard_args` (PkgConfig)
[0.223s]   does not match the name of the calling package (gazebo).  This can lead to
[0.223s]   problems in calling code that expects `find_package` result variables
[0.223s]   (e.g., `_FOUND`) to follow a certain pattern.
[0.223s] Call Stack (most recent call first):
[0.223s]   /usr/share/cmake-3.22/Modules/FindPkgConfig.cmake:99 (find_package_handle_standard_args)
[0.223s]   /usr/lib/x86_64-linux-gnu/cmake/gazebo/gazebo-config.cmake:72 (include)
[0.223s]   CMakeLists.txt:10 (find_package)
[0.223s] This warning is for project developers.  Use -Wno-dev to suppress it.
[0.223s] [0m
[0.223s] -- Found PkgConfig: /usr/bin/pkg-config (found version "0.29.2") 
[0.227s] -- Checking for module 'bullet>=2.82'
[0.240s] --   Found bullet, version 3.05
[0.346s] -- Found fcl: /usr/include (found suitable version "0.7.0", minimum required is "0.5.0") 
[0.389s] -- Found assimp: /usr/include (found version "5.2.0") 
[0.429s] -- Found DART: /usr/include (Required is at least version "6.6") found components: dart 
[0.682s] -- Found Boost: /usr/lib/x86_64-linux-gnu/cmake/Boost-1.74.0/BoostConfig.cmake (found suitable version "1.74.0", minimum required is "1.40.0") found components: thread system filesystem program_options regex iostreams date_time 
[0.709s] -- Found Protobuf: /usr/lib/x86_64-linux-gnu/libprotobuf.so (found version "3.12.4") 
[0.718s] -- Looking for ignition-math6 -- found version 6.12.0
[0.730s] -- Searching for dependencies of ignition-math6
[0.733s] -- Looking for OGRE...
[0.733s] -- OGRE_PREFIX_WATCH changed.
[0.737s] -- Checking for module 'OGRE'
[0.748s] --   Found OGRE, version 1.9.0
[0.772s] -- Found Ogre Ghadamon (1.9.0)
[0.782s] -- Found OGRE: optimized;/usr/lib/x86_64-linux-gnu/libOgreMain.so;debug;/usr/lib/x86_64-linux-gnu/libOgreMain.so
[0.790s] -- Looking for OGRE_Paging...
[0.795s] -- Found OGRE_Paging: optimized;/usr/lib/x86_64-linux-gnu/libOgrePaging.so;debug;/usr/lib/x86_64-linux-gnu/libOgrePaging.so
[0.795s] -- Looking for OGRE_Terrain...
[0.800s] -- Found OGRE_Terrain: optimized;/usr/lib/x86_64-linux-gnu/libOgreTerrain.so;debug;/usr/lib/x86_64-linux-gnu/libOgreTerrain.so
[0.800s] -- Looking for OGRE_Property...
[0.805s] -- Found OGRE_Property: optimized;/usr/lib/x86_64-linux-gnu/libOgreProperty.so;debug;/usr/lib/x86_64-linux-gnu/libOgreProperty.so
[0.805s] -- Looking for OGRE_RTShaderSystem...
[0.810s] -- Found OGRE_RTShaderSystem: optimized;/usr/lib/x86_64-linux-gnu/libOgreRTShaderSystem.so;debug;/usr/lib/x86_64-linux-gnu/libOgreRTShaderSystem.so
[0.810s] -- Looking for OGRE_Volume...
[0.815s] -- Found OGRE_Volume: optimized;/usr/lib/x86_64-linux-gnu/libOgreVolume.so;debug;/usr/lib/x86_64-linux-gnu/libOgreVolume.so
[0.815s] -- Looking for OGRE_Overlay...
[0.820s] -- Found OGRE_Overlay: optimized;/usr/lib/x86_64-linux-gnu/libOgreOverlay.so;debug;/usr/lib/x86_64-linux-gnu/libOgreOverlay.so
[0.941s] -- Looking for ignition-math6 -- found version 6.12.0
[0.947s] -- Looking for ignition-transport8 -- found version 8.2.1
[0.948s] -- Searching for dependencies of ignition-transport8
[0.964s] -- Found Protobuf: /usr/lib/x86_64-linux-gnu/libprotobuf.so (found suitable version "3.12.4", minimum required is "3") 
[0.974s] -- Config-file not installed for ZeroMQ -- checking for pkg-config
[0.978s] -- Checking for module 'libzmq >= 4'
[0.992s] --   Found libzmq , version 4.3.4
[1.018s] -- Found ZeroMQ: TRUE (Required is at least version "4") 
[1.025s] -- Checking for module 'uuid'
[1.037s] --   Found uuid, version 2.37.2
[1.063s] -- Found UUID: TRUE  
[1.069s] -- Looking for ignition-msgs5 -- found version 5.8.1
[1.069s] -- Searching for dependencies of ignition-msgs5
[1.085s] -- Looking for ignition-math6 -- found version 6.12.0
[1.089s] -- Checking for module 'tinyxml2'
[1.100s] --   Found tinyxml2, version 9.0.0
[1.128s] -- Looking for ignition-msgs5 -- found version 5.8.1
[1.133s] -- Looking for ignition-common3 -- found version 3.14.0
[1.133s] -- Searching for dependencies of ignition-common3
[1.134s] -- Looking for dlfcn.h - found
[1.135s] -- Looking for libdl - found
[1.137s] -- Found DL: TRUE  
[1.149s] -- Found tinyobjloader: /usr/lib/x86_64-linux-gnu/cmake/tinyobjloader/tinyobjloader-config.cmake (found version "2.0.0") 
[1.150s] -- Searching for <ignition-common3> component [graphics]
[1.154s] -- Looking for ignition-common3-graphics -- found version 3.14.0
[1.155s] -- Searching for dependencies of ignition-common3-graphics
[1.155s] -- Looking for ignition-math6 -- found version 6.12.0
[1.160s] -- Looking for ignition-fuel_tools4 -- found version 4.4.0
[1.161s] -- Searching for dependencies of ignition-fuel_tools4
[1.227s] -- Found CURL: /usr/lib/x86_64-linux-gnu/libcurl.so (found version "7.81.0")  
[1.238s] -- Checking for module 'jsoncpp'
[1.250s] --   Found jsoncpp, version 1.9.5
[1.272s] -- Found JSONCPP: TRUE  
[1.280s] -- Checking for module 'libzip'
[1.290s] --   Found libzip, version 1.7.3
[1.314s] -- Found ZIP: TRUE  
[1.314s] -- Looking for ignition-common3 -- found version 3.14.0
[1.314s] -- Looking for ignition-math6 -- found version 6.12.0
[1.315s] -- Looking for ignition-msgs5 -- found version 5.8.1
[1.324s] -- Found gazebo_ros_pkgs: 3.7.0 (/opt/ros/humble/share/gazebo_ros_pkgs/cmake)
[1.327s] -- Found geometry_msgs: 4.2.3 (/opt/ros/humble/share/geometry_msgs/cmake)
[1.387s] -- Found rosidl_generator_c: 3.1.4 (/opt/ros/humble/share/rosidl_generator_c/cmake)
[1.395s] -- Found rosidl_adapter: 3.1.4 (/opt/ros/humble/share/rosidl_adapter/cmake)
[1.410s] -- Found rosidl_generator_cpp: 3.1.4 (/opt/ros/humble/share/rosidl_generator_cpp/cmake)
[1.432s] -- Using all available rosidl_typesupport_c: rosidl_typesupport_fastrtps_c;rosidl_typesupport_introspection_c
[1.468s] -- Using all available rosidl_typesupport_cpp: rosidl_typesupport_fastrtps_cpp;rosidl_typesupport_introspection_cpp
[1.601s] -- Found nav_msgs: 4.2.3 (/opt/ros/humble/share/nav_msgs/cmake)
[1.688s] -- Found rclcpp: 16.0.4 (/opt/ros/humble/share/rclcpp/cmake)
[1.774s] -- Found rmw_implementation_cmake: 6.1.1 (/opt/ros/humble/share/rmw_implementation_cmake/cmake)
[1.780s] -- Found rmw_cyclonedds_cpp: 1.3.4 (/opt/ros/humble/share/rmw_cyclonedds_cpp/cmake)
[1.829s] -- Using RMW implementation 'rmw_cyclonedds_cpp' as default
[1.847s] -- Found Threads: TRUE  
[1.989s] -- Found sensor_msgs: 4.2.3 (/opt/ros/humble/share/sensor_msgs/cmake)
[2.082s] -- Found tf2: 0.25.2 (/opt/ros/humble/share/tf2/cmake)
[2.161s] -- Configuring done
[2.168s] -- Generating done
[2.170s] -- Build files have been written to: /home/prajesh/slam_ws/build/my_slam_bringup
[2.195s] Invoked command in '/home/prajesh/slam_ws/build/my_slam_bringup' returned '0': CMAKE_PREFIX_PATH=/home/prajesh/slam_ws/install/cpp_nav2_control:/home/prajesh/slam_ws/install/my_slam_bringup:/home/prajesh/my_ws/install/my_robot_bringup:/home/prajesh/my_ws/install/my_robot_interfaces:/home/prajesh/my_ws/install/my_cpp_pkg:/home/prajesh/my_ws/install/led_system:/home/prajesh/my_ws/install/cpp_test_pkg:/home/prajesh/my_ws/install/cpp_service_test:/home/prajesh/my_ws/install/cpp_practice:/home/prajesh/my_ws/install/cpp_final_project:/home/prajesh/my_ws/install/battery_interfaces:/home/prajesh/tbot_ws/install/turtlebot3_simulations:/home/prajesh/tbot_ws/install/turtlebot3_gazebo:/home/prajesh/tbot_ws/install/turtlebot3_fake_node:/home/prajesh/my_ws/install/py_server_test:/home/prajesh/my_ws/install/py_final_project:/home/prajesh/my_ws/install/my_py_pkg:/opt/ros/humble /usr/bin/cmake --build /home/prajesh/slam_ws/build/my_slam_bringup -- -j8 -l8
[2.218s] Invoking command in '/home/prajesh/slam_ws/build/my_slam_bringup': CMAKE_PREFIX_PATH=/home/prajesh/slam_ws/install/cpp_nav2_control:/home/prajesh/slam_ws/install/my_slam_bringup:/home/prajesh/my_ws/install/my_robot_bringup:/home/prajesh/my_ws/install/my_robot_interfaces:/home/prajesh/my_ws/install/my_cpp_pkg:/home/prajesh/my_ws/install/led_system:/home/prajesh/my_ws/install/cpp_test_pkg:/home/prajesh/my_ws/install/cpp_service_test:/home/prajesh/my_ws/install/cpp_practice:/home/prajesh/my_ws/install/cpp_final_project:/home/prajesh/my_ws/install/battery_interfaces:/home/prajesh/tbot_ws/install/turtlebot3_simulations:/home/prajesh/tbot_ws/install/turtlebot3_gazebo:/home/prajesh/tbot_ws/install/turtlebot3_fake_node:/home/prajesh/my_ws/install/py_server_test:/home/prajesh/my_ws/install/py_final_project:/home/prajesh/my_ws/install/my_py_pkg:/opt/ros/humble /usr/bin/cmake --install /home/prajesh/slam_ws/build/my_slam_bringup
[2.225s] -- Install configuration: ""
[2.225s] -- Up-to-date: /home/prajesh/slam_ws/install/my_slam_bringup/share/my_slam_bringup/launch
[2.225s] -- Installing: /home/prajesh/slam_ws/install/my_slam_bringup/share/my_slam_bringup/launch/my_slam.launch.py
[2.225s] -- Installing: /home/prajesh/slam_ws/install/my_slam_bringup/share/ament_index/resource_index/package_run_dependencies/my_slam_bringup
[2.225s] -- Up-to-date: /home/prajesh/slam_ws/install/my_slam_bringup/share/ament_index/resource_index/parent_prefix_path/my_slam_bringup
[2.226s] -- Up-to-date: /home/prajesh/slam_ws/install/my_slam_bringup/share/my_slam_bringup/environment/ament_prefix_path.sh
[2.226s] -- Installing: /home/prajesh/slam_ws/install/my_slam_bringup/share/my_slam_bringup/environment/ament_prefix_path.dsv
[2.226s] -- Up-to-date: /home/prajesh/slam_ws/install/my_slam_bringup/share/my_slam_bringup/environment/path.sh
[2.226s] -- Installing: /home/prajesh/slam_ws/install/my_slam_bringup/share/my_slam_bringup/environment/path.dsv
[2.226s] -- Up-to-date: /home/prajesh/slam_ws/install/my_slam_bringup/share/my_slam_bringup/local_setup.bash
[2.226s] -- Up-to-date: /home/prajesh/slam_ws/install/my_slam_bringup/share/my_slam_bringup/local_setup.sh
[2.226s] -- Up-to-date: /home/prajesh/slam_ws/install/my_slam_bringup/share/my_slam_bringup/local_setup.zsh
[2.227s] -- Installing: /home/prajesh/slam_ws/install/my_slam_bringup/share/my_slam_bringup/local_setup.dsv
[2.227s] -- Installing: /home/prajesh/slam_ws/install/my_slam_bringup/share/my_slam_bringup/package.dsv
[2.227s] -- Up-to-date: /home/prajesh/slam_ws/install/my_slam_bringup/share/ament_index/resource_index/packages/my_slam_bringup
[2.227s] -- Installing: /home/prajesh/slam_ws/install/my_slam_bringup/share/my_slam_bringup/cmake/ament_cmake_export_dependencies-extras.cmake
[2.227s] -- Installing: /home/prajesh/slam_ws/install/my_slam_bringup/share/my_slam_bringup/cmake/my_slam_bringupConfig.cmake
[2.227s] -- Up-to-date: /home/prajesh/slam_ws/install/my_slam_bringup/share/my_slam_bringup/cmake/my_slam_bringupConfig-version.cmake
[2.227s] -- Installing: /home/prajesh/slam_ws/install/my_slam_bringup/share/my_slam_bringup/package.xml
[2.231s] Invoked command in '/home/prajesh/slam_ws/build/my_slam_bringup' returned '0': CMAKE_PREFIX_PATH=/home/prajesh/slam_ws/install/cpp_nav2_control:/home/prajesh/slam_ws/install/my_slam_bringup:/home/prajesh/my_ws/install/my_robot_bringup:/home/prajesh/my_ws/install/my_robot_interfaces:/home/prajesh/my_ws/install/my_cpp_pkg:/home/prajesh/my_ws/install/led_system:/home/prajesh/my_ws/install/cpp_test_pkg:/home/prajesh/my_ws/install/cpp_service_test:/home/prajesh/my_ws/install/cpp_practice:/home/prajesh/my_ws/install/cpp_final_project:/home/prajesh/my_ws/install/battery_interfaces:/home/prajesh/tbot_ws/install/turtlebot3_simulations:/home/prajesh/tbot_ws/install/turtlebot3_gazebo:/home/prajesh/tbot_ws/install/turtlebot3_fake_node:/home/prajesh/my_ws/install/py_server_test:/home/prajesh/my_ws/install/py_final_project:/home/prajesh/my_ws/install/my_py_pkg:/opt/ros/humble /usr/bin/cmake --install /home/prajesh/slam_ws/build/my_slam_bringup
