[0.398s] DEBUG:colcon:Command line arguments: ['/usr/bin/colcon', 'build']
[0.398s] DEBUG:colcon:Parsed command line arguments: Namespace(log_base=None, log_level=None, verb_name='build', build_base='build', install_base='install', merge_install=False, symlink_install=False, test_result_base=None, continue_on_error=False, executor='parallel', parallel_workers=4, event_handlers=None, ignore_user_meta=False, metas=['./colcon.meta'], base_paths=['.'], packages_ignore=None, packages_ignore_regex=None, paths=None, packages_up_to=None, packages_up_to_regex=None, packages_above=None, packages_above_and_dependencies=None, packages_above_depth=None, packages_select_by_dep=None, packages_skip_by_dep=None, packages_skip_up_to=None, packages_select_build_failed=False, packages_skip_build_finished=False, packages_select_test_failures=False, packages_skip_test_passed=False, packages_select=None, packages_skip=None, packages_select_regex=None, packages_skip_regex=None, packages_start=None, packages_end=None, allow_overriding=[], cmake_args=None, cmake_target=None, cmake_target_skip_unavailable=False, cmake_clean_cache=False, cmake_clean_first=False, cmake_force_configure=False, ament_cmake_args=None, catkin_cmake_args=None, catkin_skip_building_tests=False, verb_parser=<colcon_defaults.argument_parser.defaults.DefaultArgumentsDecorator object at 0x7f6cc059c520>, verb_extension=<colcon_core.verb.build.BuildVerb object at 0x7f6cc059c0a0>, main=<bound method BuildVerb.main of <colcon_core.verb.build.BuildVerb object at 0x7f6cc059c0a0>>)
[0.427s] Level 1:colcon.colcon_core.package_discovery:discover_packages(colcon_meta) check parameters
[0.427s] Level 1:colcon.colcon_core.package_discovery:discover_packages(recursive) check parameters
[0.427s] Level 1:colcon.colcon_core.package_discovery:discover_packages(ignore) check parameters
[0.427s] Level 1:colcon.colcon_core.package_discovery:discover_packages(path) check parameters
[0.428s] Level 1:colcon.colcon_core.package_discovery:discover_packages(colcon_meta) discover
[0.428s] Level 1:colcon.colcon_core.package_discovery:discover_packages(recursive) discover
[0.428s] INFO:colcon.colcon_core.package_discovery:Crawling recursively for packages in '/home/prajesh/slam_ws'
[0.428s] Level 1:colcon.colcon_core.package_identification:_identify(.) by extensions ['ignore', 'ignore_ament_install']
[0.428s] Level 1:colcon.colcon_core.package_identification:_identify(.) by extension 'ignore'
[0.428s] Level 1:colcon.colcon_core.package_identification:_identify(.) by extension 'ignore_ament_install'
[0.429s] Level 1:colcon.colcon_core.package_identification:_identify(.) by extensions ['colcon_pkg']
[0.429s] Level 1:colcon.colcon_core.package_identification:_identify(.) by extension 'colcon_pkg'
[0.429s] Level 1:colcon.colcon_core.package_identification:_identify(.) by extensions ['colcon_meta']
[0.429s] Level 1:colcon.colcon_core.package_identification:_identify(.) by extension 'colcon_meta'
[0.429s] Level 1:colcon.colcon_core.package_identification:_identify(.) by extensions ['ros']
[0.429s] Level 1:colcon.colcon_core.package_identification:_identify(.) by extension 'ros'
[0.442s] Level 1:colcon.colcon_core.package_identification:_identify(.) by extensions ['cmake', 'python']
[0.442s] Level 1:colcon.colcon_core.package_identification:_identify(.) by extension 'cmake'
[0.442s] Level 1:colcon.colcon_core.package_identification:_identify(.) by extension 'python'
[0.442s] Level 1:colcon.colcon_core.package_identification:_identify(.) by extensions ['python_setup_py']
[0.442s] Level 1:colcon.colcon_core.package_identification:_identify(.) by extension 'python_setup_py'
[0.443s] Level 1:colcon.colcon_core.package_identification:_identify(build) by extensions ['ignore', 'ignore_ament_install']
[0.443s] Level 1:colcon.colcon_core.package_identification:_identify(build) by extension 'ignore'
[0.443s] Level 1:colcon.colcon_core.package_identification:_identify(build) ignored
[0.444s] Level 1:colcon.colcon_core.package_identification:_identify(install) by extensions ['ignore', 'ignore_ament_install']
[0.444s] Level 1:colcon.colcon_core.package_identification:_identify(install) by extension 'ignore'
[0.444s] Level 1:colcon.colcon_core.package_identification:_identify(install) ignored
[0.444s] Level 1:colcon.colcon_core.package_identification:_identify(log) by extensions ['ignore', 'ignore_ament_install']
[0.444s] Level 1:colcon.colcon_core.package_identification:_identify(log) by extension 'ignore'
[0.444s] Level 1:colcon.colcon_core.package_identification:_identify(log) ignored
[0.445s] Level 1:colcon.colcon_core.package_identification:_identify(src) by extensions ['ignore', 'ignore_ament_install']
[0.445s] Level 1:colcon.colcon_core.package_identification:_identify(src) by extension 'ignore'
[0.445s] Level 1:colcon.colcon_core.package_identification:_identify(src) by extension 'ignore_ament_install'
[0.445s] Level 1:colcon.colcon_core.package_identification:_identify(src) by extensions ['colcon_pkg']
[0.445s] Level 1:colcon.colcon_core.package_identification:_identify(src) by extension 'colcon_pkg'
[0.445s] Level 1:colcon.colcon_core.package_identification:_identify(src) by extensions ['colcon_meta']
[0.445s] Level 1:colcon.colcon_core.package_identification:_identify(src) by extension 'colcon_meta'
[0.446s] Level 1:colcon.colcon_core.package_identification:_identify(src) by extensions ['ros']
[0.446s] Level 1:colcon.colcon_core.package_identification:_identify(src) by extension 'ros'
[0.446s] Level 1:colcon.colcon_core.package_identification:_identify(src) by extensions ['cmake', 'python']
[0.446s] Level 1:colcon.colcon_core.package_identification:_identify(src) by extension 'cmake'
[0.446s] Level 1:colcon.colcon_core.package_identification:_identify(src) by extension 'python'
[0.446s] Level 1:colcon.colcon_core.package_identification:_identify(src) by extensions ['python_setup_py']
[0.446s] Level 1:colcon.colcon_core.package_identification:_identify(src) by extension 'python_setup_py'
[0.447s] Level 1:colcon.colcon_core.package_identification:_identify(src/cpp_nav2_control) by extensions ['ignore', 'ignore_ament_install']
[0.447s] Level 1:colcon.colcon_core.package_identification:_identify(src/cpp_nav2_control) by extension 'ignore'
[0.447s] Level 1:colcon.colcon_core.package_identification:_identify(src/cpp_nav2_control) by extension 'ignore_ament_install'
[0.447s] Level 1:colcon.colcon_core.package_identification:_identify(src/cpp_nav2_control) by extensions ['colcon_pkg']
[0.447s] Level 1:colcon.colcon_core.package_identification:_identify(src/cpp_nav2_control) by extension 'colcon_pkg'
[0.447s] Level 1:colcon.colcon_core.package_identification:_identify(src/cpp_nav2_control) by extensions ['colcon_meta']
[0.448s] Level 1:colcon.colcon_core.package_identification:_identify(src/cpp_nav2_control) by extension 'colcon_meta'
[0.448s] Level 1:colcon.colcon_core.package_identification:_identify(src/cpp_nav2_control) by extensions ['ros']
[0.448s] Level 1:colcon.colcon_core.package_identification:_identify(src/cpp_nav2_control) by extension 'ros'
[0.451s] DEBUG:colcon.colcon_core.package_identification:Package 'src/cpp_nav2_control' with type 'ros.ament_cmake' and name 'cpp_nav2_control'
[0.452s] Level 1:colcon.colcon_core.package_discovery:discover_packages(recursive) using defaults
[0.452s] Level 1:colcon.colcon_core.package_discovery:discover_packages(ignore) discover
[0.452s] Level 1:colcon.colcon_core.package_discovery:discover_packages(ignore) using defaults
[0.452s] Level 1:colcon.colcon_core.package_discovery:discover_packages(path) discover
[0.452s] Level 1:colcon.colcon_core.package_discovery:discover_packages(path) using defaults
[0.479s] Level 1:colcon.colcon_core.package_discovery:discover_packages(prefix_path) check parameters
[0.479s] Level 1:colcon.colcon_core.package_discovery:discover_packages(prefix_path) discover
[0.483s] DEBUG:colcon.colcon_installed_package_information.package_discovery:Found 1 installed packages in /home/prajesh/slam_ws/install
[0.484s] DEBUG:colcon.colcon_installed_package_information.package_discovery:Found 12 installed packages in /home/prajesh/my_ws/install
[0.485s] DEBUG:colcon.colcon_installed_package_information.package_discovery:Found 3 installed packages in /home/prajesh/tbot_ws/install
[0.487s] DEBUG:colcon.colcon_installed_package_information.package_discovery:Found 383 installed packages in /opt/ros/humble
[0.491s] Level 1:colcon.colcon_core.package_discovery:discover_packages(prefix_path) using defaults
[0.573s] Level 5:colcon.colcon_core.verb:set package 'cpp_nav2_control' build argument 'cmake_args' from command line to 'None'
[0.573s] Level 5:colcon.colcon_core.verb:set package 'cpp_nav2_control' build argument 'cmake_target' from command line to 'None'
[0.573s] Level 5:colcon.colcon_core.verb:set package 'cpp_nav2_control' build argument 'cmake_target_skip_unavailable' from command line to 'False'
[0.574s] Level 5:colcon.colcon_core.verb:set package 'cpp_nav2_control' build argument 'cmake_clean_cache' from command line to 'False'
[0.574s] Level 5:colcon.colcon_core.verb:set package 'cpp_nav2_control' build argument 'cmake_clean_first' from command line to 'False'
[0.574s] Level 5:colcon.colcon_core.verb:set package 'cpp_nav2_control' build argument 'cmake_force_configure' from command line to 'False'
[0.574s] Level 5:colcon.colcon_core.verb:set package 'cpp_nav2_control' build argument 'ament_cmake_args' from command line to 'None'
[0.574s] Level 5:colcon.colcon_core.verb:set package 'cpp_nav2_control' build argument 'catkin_cmake_args' from command line to 'None'
[0.574s] Level 5:colcon.colcon_core.verb:set package 'cpp_nav2_control' build argument 'catkin_skip_building_tests' from command line to 'False'
[0.574s] DEBUG:colcon.colcon_core.verb:Building package 'cpp_nav2_control' with the following arguments: {'ament_cmake_args': None, 'build_base': '/home/prajesh/slam_ws/build/cpp_nav2_control', 'catkin_cmake_args': None, 'catkin_skip_building_tests': False, 'cmake_args': None, 'cmake_clean_cache': False, 'cmake_clean_first': False, 'cmake_force_configure': False, 'cmake_target': None, 'cmake_target_skip_unavailable': False, 'install_base': '/home/prajesh/slam_ws/install/cpp_nav2_control', 'merge_install': False, 'path': '/home/prajesh/slam_ws/src/cpp_nav2_control', 'symlink_install': False, 'test_result_base': None}
[0.575s] INFO:colcon.colcon_core.executor:Executing jobs using 'parallel' executor
[0.579s] DEBUG:colcon.colcon_parallel_executor.executor.parallel:run_until_complete
[0.580s] INFO:colcon.colcon_ros.task.ament_cmake.build:Building ROS package in '/home/prajesh/slam_ws/src/cpp_nav2_control' with build type 'ament_cmake'
[0.580s] INFO:colcon.colcon_cmake.task.cmake.build:Building CMake package in '/home/prajesh/slam_ws/src/cpp_nav2_control'
[0.586s] INFO:colcon.colcon_core.plugin_system:Skipping extension 'colcon_core.shell.bat': Not used on non-Windows systems
[0.587s] INFO:colcon.colcon_core.shell:Skip shell extension 'powershell' for command environment: Not usable outside of PowerShell
[0.587s] DEBUG:colcon.colcon_core.shell:Skip shell extension 'dsv' for command environment
[0.604s] DEBUG:colcon.colcon_core.event_handler.log_command:Invoking command in '/home/prajesh/slam_ws/build/cpp_nav2_control': CMAKE_PREFIX_PATH=${CMAKE_PREFIX_PATH}:/home/prajesh/my_ws/install/py_server_test:/home/prajesh/my_ws/install/py_final_project:/home/prajesh/my_ws/install/my_py_pkg:/opt/ros/humble /usr/bin/cmake --build /home/prajesh/slam_ws/build/cpp_nav2_control -- -j4 -l4
[9.049s] DEBUG:colcon.colcon_core.event_handler.log_command:Invoked command in '/home/prajesh/slam_ws/build/cpp_nav2_control' returned '2': CMAKE_PREFIX_PATH=${CMAKE_PREFIX_PATH}:/home/prajesh/my_ws/install/py_server_test:/home/prajesh/my_ws/install/py_final_project:/home/prajesh/my_ws/install/my_py_pkg:/opt/ros/humble /usr/bin/cmake --build /home/prajesh/slam_ws/build/cpp_nav2_control -- -j4 -l4
[9.078s] Level 1:colcon.colcon_core.environment:create_environment_scripts_only(cpp_nav2_control)
[9.084s] Level 1:colcon.colcon_core.environment:checking '/home/prajesh/slam_ws/install/cpp_nav2_control' for CMake module files
[9.085s] Level 1:colcon.colcon_core.environment:checking '/home/prajesh/slam_ws/install/cpp_nav2_control' for CMake config files
[9.085s] Level 1:colcon.colcon_core.shell:create_environment_hook('cpp_nav2_control', 'cmake_prefix_path')
[9.088s] INFO:colcon.colcon_core.shell:Creating environment hook '/home/prajesh/slam_ws/install/cpp_nav2_control/share/cpp_nav2_control/hook/cmake_prefix_path.ps1'
[9.089s] INFO:colcon.colcon_core.shell:Creating environment descriptor '/home/prajesh/slam_ws/install/cpp_nav2_control/share/cpp_nav2_control/hook/cmake_prefix_path.dsv'
[9.090s] INFO:colcon.colcon_core.shell:Creating environment hook '/home/prajesh/slam_ws/install/cpp_nav2_control/share/cpp_nav2_control/hook/cmake_prefix_path.sh'
[9.091s] Level 1:colcon.colcon_core.environment:checking '/home/prajesh/slam_ws/install/cpp_nav2_control/lib'
[9.092s] Level 1:colcon.colcon_core.environment:checking '/home/prajesh/slam_ws/install/cpp_nav2_control/bin'
[9.092s] Level 1:colcon.colcon_core.environment:checking '/home/prajesh/slam_ws/install/cpp_nav2_control/lib/pkgconfig/cpp_nav2_control.pc'
[9.092s] Level 1:colcon.colcon_core.environment:checking '/home/prajesh/slam_ws/install/cpp_nav2_control/lib/python3.10/site-packages'
[9.093s] Level 1:colcon.colcon_core.environment:checking '/home/prajesh/slam_ws/install/cpp_nav2_control/bin'
[9.094s] INFO:colcon.colcon_core.shell:Creating package script '/home/prajesh/slam_ws/install/cpp_nav2_control/share/cpp_nav2_control/package.ps1'
[9.095s] INFO:colcon.colcon_core.shell:Creating package descriptor '/home/prajesh/slam_ws/install/cpp_nav2_control/share/cpp_nav2_control/package.dsv'
[9.096s] INFO:colcon.colcon_core.shell:Creating package script '/home/prajesh/slam_ws/install/cpp_nav2_control/share/cpp_nav2_control/package.sh'
[9.098s] INFO:colcon.colcon_core.shell:Creating package script '/home/prajesh/slam_ws/install/cpp_nav2_control/share/cpp_nav2_control/package.bash'
[9.099s] INFO:colcon.colcon_core.shell:Creating package script '/home/prajesh/slam_ws/install/cpp_nav2_control/share/cpp_nav2_control/package.zsh'
[9.101s] Level 1:colcon.colcon_core.environment:create_file_with_runtime_dependencies(/home/prajesh/slam_ws/install/cpp_nav2_control/share/colcon-core/packages/cpp_nav2_control)
[9.112s] DEBUG:colcon.colcon_parallel_executor.executor.parallel:closing loop
[9.113s] DEBUG:colcon.colcon_parallel_executor.executor.parallel:loop closed
[9.113s] DEBUG:colcon.colcon_parallel_executor.executor.parallel:run_until_complete finished with '2'
[9.113s] DEBUG:colcon.colcon_core.event_reactor:joining thread
[9.121s] INFO:colcon.colcon_core.plugin_system:Skipping extension 'colcon_notification.desktop_notification.terminal_notifier': Not used on non-Darwin systems
[9.121s] INFO:colcon.colcon_core.plugin_system:Skipping extension 'colcon_notification.desktop_notification.win32': Not used on non-Windows systems
[9.121s] INFO:colcon.colcon_notification.desktop_notification:Sending desktop notification using 'notify2'
[9.136s] DEBUG:colcon.colcon_core.event_reactor:joined thread
[9.138s] INFO:colcon.colcon_core.shell:Creating prefix script '/home/prajesh/slam_ws/install/local_setup.ps1'
[9.140s] INFO:colcon.colcon_core.shell:Creating prefix util module '/home/prajesh/slam_ws/install/_local_setup_util_ps1.py'
[9.141s] INFO:colcon.colcon_core.shell:Creating prefix chain script '/home/prajesh/slam_ws/install/setup.ps1'
[9.144s] INFO:colcon.colcon_core.shell:Creating prefix script '/home/prajesh/slam_ws/install/local_setup.sh'
[9.144s] INFO:colcon.colcon_core.shell:Creating prefix util module '/home/prajesh/slam_ws/install/_local_setup_util_sh.py'
[9.145s] INFO:colcon.colcon_core.shell:Creating prefix chain script '/home/prajesh/slam_ws/install/setup.sh'
[9.148s] INFO:colcon.colcon_core.shell:Creating prefix script '/home/prajesh/slam_ws/install/local_setup.bash'
[9.149s] INFO:colcon.colcon_core.shell:Creating prefix chain script '/home/prajesh/slam_ws/install/setup.bash'
[9.153s] INFO:colcon.colcon_core.shell:Creating prefix script '/home/prajesh/slam_ws/install/local_setup.zsh'
[9.154s] INFO:colcon.colcon_core.shell:Creating prefix chain script '/home/prajesh/slam_ws/install/setup.zsh'
