[0.969s] DEBUG:colcon:Command line arguments: ['/usr/bin/colcon', 'list', '-p', '--base-paths', '/home/prajesh/slam_ws']
[0.969s] DEBUG:colcon:Parsed command line arguments: Namespace(log_base=None, log_level=None, verb_name='list', build_base='build', ignore_user_meta=False, metas=['./colcon.meta'], base_paths=['/home/prajesh/slam_ws'], packages_ignore=None, packages_ignore_regex=None, paths=None, packages_up_to=None, packages_up_to_regex=None, packages_above=None, packages_above_and_dependencies=None, packages_above_depth=None, packages_select_by_dep=None, packages_skip_by_dep=None, packages_skip_up_to=None, packages_select_build_failed=False, packages_skip_build_finished=False, packages_select_test_failures=False, packages_skip_test_passed=False, packages_select=None, packages_skip=None, packages_select_regex=None, packages_skip_regex=None, packages_start=None, packages_end=None, allow_overriding=[], topological_order=False, names_only=False, paths_only=True, topological_graph=False, topological_graph_dot=False, topological_graph_density=False, topological_graph_legend=False, topological_graph_dot_cluster=False, topological_graph_dot_include_skipped=False, verb_parser=<colcon_defaults.argument_parser.defaults.DefaultArgumentsDecorator object at 0x7f394baa5390>, verb_extension=<colcon_package_information.verb.list.ListVerb object at 0x7f394bbd3dc0>, main=<bound method ListVerb.main of <colcon_package_information.verb.list.ListVerb object at 0x7f394bbd3dc0>>)
[1.097s] Level 1:colcon.colcon_core.package_discovery:discover_packages(colcon_meta) check parameters
[1.097s] Level 1:colcon.colcon_core.package_discovery:discover_packages(recursive) check parameters
[1.097s] Level 1:colcon.colcon_core.package_discovery:discover_packages(ignore) check parameters
[1.097s] Level 1:colcon.colcon_core.package_discovery:discover_packages(path) check parameters
[1.097s] Level 1:colcon.colcon_core.package_discovery:discover_packages(recursive) discover
[1.097s] INFO:colcon.colcon_core.package_discovery:Crawling recursively for packages in '/home/prajesh/slam_ws'
[1.098s] Level 1:colcon.colcon_core.package_identification:_identify(/home/prajesh/slam_ws) by extensions ['ignore', 'ignore_ament_install']
[1.098s] Level 1:colcon.colcon_core.package_identification:_identify(/home/prajesh/slam_ws) by extension 'ignore'
[1.098s] Level 1:colcon.colcon_core.package_identification:_identify(/home/prajesh/slam_ws) by extension 'ignore_ament_install'
[1.098s] Level 1:colcon.colcon_core.package_identification:_identify(/home/prajesh/slam_ws) by extensions ['colcon_pkg']
[1.098s] Level 1:colcon.colcon_core.package_identification:_identify(/home/prajesh/slam_ws) by extension 'colcon_pkg'
[1.098s] Level 1:colcon.colcon_core.package_identification:_identify(/home/prajesh/slam_ws) by extensions ['colcon_meta']
[1.098s] Level 1:colcon.colcon_core.package_identification:_identify(/home/prajesh/slam_ws) by extension 'colcon_meta'
[1.098s] Level 1:colcon.colcon_core.package_identification:_identify(/home/prajesh/slam_ws) by extensions ['ros']
[1.098s] Level 1:colcon.colcon_core.package_identification:_identify(/home/prajesh/slam_ws) by extension 'ros'
[1.115s] Level 1:colcon.colcon_core.package_identification:_identify(/home/prajesh/slam_ws) by extensions ['cmake', 'python']
[1.115s] Level 1:colcon.colcon_core.package_identification:_identify(/home/prajesh/slam_ws) by extension 'cmake'
[1.115s] Level 1:colcon.colcon_core.package_identification:_identify(/home/prajesh/slam_ws) by extension 'python'
[1.115s] Level 1:colcon.colcon_core.package_identification:_identify(/home/prajesh/slam_ws) by extensions ['python_setup_py']
[1.115s] Level 1:colcon.colcon_core.package_identification:_identify(/home/prajesh/slam_ws) by extension 'python_setup_py'
[1.115s] Level 1:colcon.colcon_core.package_identification:_identify(/home/prajesh/slam_ws/build) by extensions ['ignore', 'ignore_ament_install']
[1.115s] Level 1:colcon.colcon_core.package_identification:_identify(/home/prajesh/slam_ws/build) by extension 'ignore'
[1.115s] Level 1:colcon.colcon_core.package_identification:_identify(/home/prajesh/slam_ws/build) ignored
[1.116s] Level 1:colcon.colcon_core.package_identification:_identify(/home/prajesh/slam_ws/install) by extensions ['ignore', 'ignore_ament_install']
[1.116s] Level 1:colcon.colcon_core.package_identification:_identify(/home/prajesh/slam_ws/install) by extension 'ignore'
[1.116s] Level 1:colcon.colcon_core.package_identification:_identify(/home/prajesh/slam_ws/install) ignored
[1.116s] Level 1:colcon.colcon_core.package_identification:_identify(/home/prajesh/slam_ws/log) by extensions ['ignore', 'ignore_ament_install']
[1.116s] Level 1:colcon.colcon_core.package_identification:_identify(/home/prajesh/slam_ws/log) by extension 'ignore'
[1.116s] Level 1:colcon.colcon_core.package_identification:_identify(/home/prajesh/slam_ws/log) ignored
[1.116s] Level 1:colcon.colcon_core.package_identification:_identify(/home/prajesh/slam_ws/src) by extensions ['ignore', 'ignore_ament_install']
[1.116s] Level 1:colcon.colcon_core.package_identification:_identify(/home/prajesh/slam_ws/src) by extension 'ignore'
[1.116s] Level 1:colcon.colcon_core.package_identification:_identify(/home/prajesh/slam_ws/src) by extension 'ignore_ament_install'
[1.116s] Level 1:colcon.colcon_core.package_identification:_identify(/home/prajesh/slam_ws/src) by extensions ['colcon_pkg']
[1.116s] Level 1:colcon.colcon_core.package_identification:_identify(/home/prajesh/slam_ws/src) by extension 'colcon_pkg'
[1.116s] Level 1:colcon.colcon_core.package_identification:_identify(/home/prajesh/slam_ws/src) by extensions ['colcon_meta']
[1.116s] Level 1:colcon.colcon_core.package_identification:_identify(/home/prajesh/slam_ws/src) by extension 'colcon_meta'
[1.117s] Level 1:colcon.colcon_core.package_identification:_identify(/home/prajesh/slam_ws/src) by extensions ['ros']
[1.117s] Level 1:colcon.colcon_core.package_identification:_identify(/home/prajesh/slam_ws/src) by extension 'ros'
[1.117s] Level 1:colcon.colcon_core.package_identification:_identify(/home/prajesh/slam_ws/src) by extensions ['cmake', 'python']
[1.117s] Level 1:colcon.colcon_core.package_identification:_identify(/home/prajesh/slam_ws/src) by extension 'cmake'
[1.117s] Level 1:colcon.colcon_core.package_identification:_identify(/home/prajesh/slam_ws/src) by extension 'python'
[1.117s] Level 1:colcon.colcon_core.package_identification:_identify(/home/prajesh/slam_ws/src) by extensions ['python_setup_py']
[1.117s] Level 1:colcon.colcon_core.package_identification:_identify(/home/prajesh/slam_ws/src) by extension 'python_setup_py'
[1.117s] Level 1:colcon.colcon_core.package_identification:_identify(/home/prajesh/slam_ws/src/cpp_nav2_control) by extensions ['ignore', 'ignore_ament_install']
[1.117s] Level 1:colcon.colcon_core.package_identification:_identify(/home/prajesh/slam_ws/src/cpp_nav2_control) by extension 'ignore'
[1.117s] Level 1:colcon.colcon_core.package_identification:_identify(/home/prajesh/slam_ws/src/cpp_nav2_control) by extension 'ignore_ament_install'
[1.117s] Level 1:colcon.colcon_core.package_identification:_identify(/home/prajesh/slam_ws/src/cpp_nav2_control) by extensions ['colcon_pkg']
[1.118s] Level 1:colcon.colcon_core.package_identification:_identify(/home/prajesh/slam_ws/src/cpp_nav2_control) by extension 'colcon_pkg'
[1.118s] Level 1:colcon.colcon_core.package_identification:_identify(/home/prajesh/slam_ws/src/cpp_nav2_control) by extensions ['colcon_meta']
[1.118s] Level 1:colcon.colcon_core.package_identification:_identify(/home/prajesh/slam_ws/src/cpp_nav2_control) by extension 'colcon_meta'
[1.118s] Level 1:colcon.colcon_core.package_identification:_identify(/home/prajesh/slam_ws/src/cpp_nav2_control) by extensions ['ros']
[1.118s] Level 1:colcon.colcon_core.package_identification:_identify(/home/prajesh/slam_ws/src/cpp_nav2_control) by extension 'ros'
[1.123s] DEBUG:colcon.colcon_core.package_identification:Package '/home/prajesh/slam_ws/src/cpp_nav2_control' with type 'ros.ament_cmake' and name 'cpp_nav2_control'
[1.123s] Level 1:colcon.colcon_core.package_discovery:discover_packages(recursive) using defaults
