[0.037s] Invoking command in '/home/prajesh/slam_ws/build/cpp_nav2_control': CMAKE_PREFIX_PATH=${CMAKE_PREFIX_PATH}:/home/prajesh/my_ws/install/py_server_test:/home/prajesh/my_ws/install/py_final_project:/home/prajesh/my_ws/install/my_py_pkg:/opt/ros/humble /usr/bin/cmake --build /home/prajesh/slam_ws/build/cpp_nav2_control -- -j4 -l4
[0.192s] -- Found ament_cmake: 1.3.4 (/opt/ros/humble/share/ament_cmake/cmake)
[0.460s] -- Found rclcpp: 16.0.4 (/opt/ros/humble/share/rclcpp/cmake)
[0.535s] -- Found rosidl_generator_c: 3.1.4 (/opt/ros/humble/share/rosidl_generator_c/cmake)
[0.543s] -- Found rosidl_adapter: 3.1.4 (/opt/ros/humble/share/rosidl_adapter/cmake)
[0.562s] -- Found rosidl_generator_cpp: 3.1.4 (/opt/ros/humble/share/rosidl_generator_cpp/cmake)
[0.591s] -- Using all available rosidl_typesupport_c: rosidl_typesupport_fastrtps_c;rosidl_typesupport_introspection_c
[0.620s] -- Using all available rosidl_typesupport_cpp: rosidl_typesupport_fastrtps_cpp;rosidl_typesupport_introspection_cpp
[0.740s] -- Found rmw_implementation_cmake: 6.1.1 (/opt/ros/humble/share/rmw_implementation_cmake/cmake)
[0.746s] -- Found rmw_cyclonedds_cpp: 1.3.4 (/opt/ros/humble/share/rmw_cyclonedds_cpp/cmake)
[0.818s] -- Using RMW implementation 'rmw_cyclonedds_cpp' as default
[1.143s] -- Found std_srvs: 4.2.3 (/opt/ros/humble/share/std_srvs/cmake)
[1.196s] -- Found geometry_msgs: 4.2.3 (/opt/ros/humble/share/geometry_msgs/cmake)
[1.275s] -- Found nav2_msgs: 1.1.6 (/opt/ros/humble/share/nav2_msgs/cmake)
[1.811s] -- Found nav2_util: 1.1.6 (/opt/ros/humble/share/nav2_util/cmake)
[2.296s] -- Found eigen3_cmake_module: 0.1.1 (/opt/ros/humble/share/eigen3_cmake_module/cmake)
[2.300s] -- Ensuring Eigen3 include directory is part of orocos-kdl CMake target
[2.622s] -- Found turtlesim: 1.4.2 (/opt/ros/humble/share/turtlesim/cmake)
[3.171s] -- Configuring done
[3.285s] -- Generating done
[3.289s] -- Build files have been written to: /home/prajesh/slam_ws/build/cpp_nav2_control
[3.323s] [35m[1mConsolidate compiler generated dependencies of target random_goal_generator[0m
[3.345s] [ 50%] [32mBuilding CXX object CMakeFiles/random_goal_generator.dir/src/random_wp_gen.cpp.o[0m
[3.862s] [01m[K/home/prajesh/slam_ws/src/cpp_nav2_control/src/random_wp_gen.cpp:40:41:[m[K [01;35m[Kwarning: [m[Kmulti-character character constant [[01;35m[K]8;;https://gcc.gnu.org/onlinedocs/gcc/Warning-Options.html#index-Wmultichar-Wmultichar]8;;[m[K]
[3.862s]    40 |             init_pose.header.frame_id = [01;35m[K'map'[m[K;
[3.862s]       |                                         [01;35m[K^~~~~[m[K
[9.656s] In file included from [01m[K/usr/include/c++/11/pstl/glue_algorithm_defs.h:13[m[K,
[9.657s]                  from [01m[K/usr/include/c++/11/algorithm:74[m[K,
[9.657s]                  from [01m[K/opt/ros/humble/include/rclcpp/rclcpp/executor.hpp:18[m[K,
[9.657s]                  from [01m[K/opt/ros/humble/include/rclcpp/rclcpp/executors/multi_threaded_executor.hpp:25[m[K,
[9.657s]                  from [01m[K/opt/ros/humble/include/rclcpp/rclcpp/executors.hpp:21[m[K,
[9.657s]                  from [01m[K/opt/ros/humble/include/rclcpp/rclcpp/rclcpp.hpp:155[m[K,
[9.657s]                  from [01m[K/home/prajesh/slam_ws/src/cpp_nav2_control/src/random_wp_gen.cpp:1[m[K:
[9.657s] /usr/include/c++/11/functional: In instantiation of ‘[01m[Kstruct std::_Bind_check_arity<void (GoalGenerator::*)(), GoalGenerator*, const std::_Placeholder<1>&>[m[K’:
[9.658s] [01m[K/usr/include/c++/11/functional:768:12:[m[K   required from ‘[01m[Kstruct std::_Bind_helper<false, void (GoalGenerator::*)(), GoalGenerator*, const std::_Placeholder<1>&>[m[K’
[9.658s] [01m[K/usr/include/c++/11/functional:789:5:[m[K   required by substitution of ‘[01m[Ktemplate<class _Func, class ... _BoundArgs> typename std::_Bind_helper<std::__is_socketlike<_Func>::value, _Func, _BoundArgs ...>::type std::bind(_Func&&, _BoundArgs&& ...) [with _Func = void (GoalGenerator::*)(); _BoundArgs = {GoalGenerator*, const std::_Placeholder<1>&}][m[K’
[9.658s] [01m[K/home/prajesh/slam_ws/src/cpp_nav2_control/src/random_wp_gen.cpp:28:26:[m[K   required from here
[9.658s] [01m[K/usr/include/c++/11/functional:756:21:[m[K [01;31m[Kerror: [m[Kstatic assertion failed: Wrong number of arguments for pointer-to-member
[9.658s]   755 |       static_assert(_Varargs::[01;31m[Kvalue[m[K
[9.658s]       |                               [01;31m[K~~~~~[m[K
[9.658s]   756 | [01;31m[K                    ? sizeof...(_BoundArgs) >= _Arity::value + 1[m[K
[9.659s]       |                     [01;31m[K^~~~~~~~~~~~~~~~~~~~~~~~~~~~~~~~~~~~~~~~~~~~[m[K
[9.659s]   757 | [01;31m[K                    : sizeof...(_BoundArgs) == _Arity::value + 1[m[K,
[9.659s]       |                     [01;31m[K~~~~~~~~~~~~~~~~~~~~~~~~~~~~~~~~~~~~~~~~~~~~[m[K
[9.659s] [01m[K/usr/include/c++/11/functional:756:21:[m[K [01;36m[Knote: [m[K‘[01m[K(false ? (2 >= (((long unsigned int)std::integral_constant<long unsigned int, 0>::value) + 1)) : (2 == (((long unsigned int)std::integral_constant<long unsigned int, 0>::value) + 1)))[m[K’ evaluates to false
[9.694s] [01m[K/home/prajesh/slam_ws/src/cpp_nav2_control/src/random_wp_gen.cpp:[m[K In member function ‘[01m[Kvoid GoalGenerator::initial_pose()[m[K’:
[9.694s] [01m[K/home/prajesh/slam_ws/src/cpp_nav2_control/src/random_wp_gen.cpp:40:41:[m[K [01;35m[Kwarning: [m[Koverflow in conversion from ‘[01m[Kint[m[K’ to ‘[01m[Kchar[m[K’ changes value from ‘[01m[K7168368[m[K’ to ‘[01m[K'p'[m[K’ [[01;35m[K]8;;https://gcc.gnu.org/onlinedocs/gcc/Warning-Options.html#index-Woverflow-Woverflow]8;;[m[K]
[9.695s]    40 |             init_pose.header.frame_id = [01;35m[K'map'[m[K;
[9.695s]       |                                         [01;35m[K^~~~~[m[K
[10.746s] In file included from [01m[K/opt/ros/humble/include/rclcpp/rclcpp/subscription_base.hpp:32[m[K,
[10.746s]                  from [01m[K/opt/ros/humble/include/rclcpp/rclcpp/callback_group.hpp:29[m[K,
[10.746s]                  from [01m[K/opt/ros/humble/include/rclcpp/rclcpp/any_executable.hpp:20[m[K,
[10.746s]                  from [01m[K/opt/ros/humble/include/rclcpp/rclcpp/memory_strategy.hpp:25[m[K,
[10.747s]                  from [01m[K/opt/ros/humble/include/rclcpp/rclcpp/memory_strategies.hpp:18[m[K,
[10.747s]                  from [01m[K/opt/ros/humble/include/rclcpp/rclcpp/executor_options.hpp:20[m[K,
[10.748s]                  from [01m[K/opt/ros/humble/include/rclcpp/rclcpp/executor.hpp:37[m[K,
[10.748s]                  from [01m[K/opt/ros/humble/include/rclcpp/rclcpp/executors/multi_threaded_executor.hpp:25[m[K,
[10.748s]                  from [01m[K/opt/ros/humble/include/rclcpp/rclcpp/executors.hpp:21[m[K,
[10.748s]                  from [01m[K/opt/ros/humble/include/rclcpp/rclcpp/rclcpp.hpp:155[m[K,
[10.748s]                  from [01m[K/home/prajesh/slam_ws/src/cpp_nav2_control/src/random_wp_gen.cpp:1[m[K:
[10.748s] /opt/ros/humble/include/rclcpp/rclcpp/any_subscription_callback.hpp: In instantiation of ‘[01m[Krclcpp::AnySubscriptionCallback<MessageT, AllocatorT> rclcpp::AnySubscriptionCallback<MessageT, AllocatorT>::set(CallbackT) [with CallbackT = std::_Bind<void (GoalGenerator::*(GoalGenerator*, std::_Placeholder<1>))()>; MessageT = geometry_msgs::msg::PoseWithCovarianceStamped_<std::allocator<void> >; AllocatorT = std::allocator<void>][m[K’:
[10.748s] [01m[K/opt/ros/humble/include/rclcpp/rclcpp/subscription_factory.hpp:94:32:[m[K   required from ‘[01m[Krclcpp::SubscriptionFactory rclcpp::create_subscription_factory(CallbackT&&, const rclcpp::SubscriptionOptionsWithAllocator<AllocatorT>&, typename MessageMemoryStrategyT::SharedPtr, std::shared_ptr<rclcpp::topic_statistics::SubscriptionTopicStatistics<ROSMessageType> >) [with MessageT = geometry_msgs::msg::PoseWithCovarianceStamped_<std::allocator<void> >; CallbackT = std::_Bind<void (GoalGenerator::*(GoalGenerator*, std::_Placeholder<1>))()>; AllocatorT = std::allocator<void>; SubscriptionT = rclcpp::Subscription<geometry_msgs::msg::PoseWithCovarianceStamped_<std::allocator<void> > >; MessageMemoryStrategyT = rclcpp::message_memory_strategy::MessageMemoryStrategy<geometry_msgs::msg::PoseWithCovarianceStamped_<std::allocator<void> >, std::allocator<void> >; ROSMessageType = geometry_msgs::msg::PoseWithCovarianceStamped_<std::allocator<void> >; typename MessageMemoryStrategyT::SharedPtr = std::shared_ptr<rclcpp::message_memory_strategy::MessageMemoryStrategy<geometry_msgs::msg::PoseWithCovarianceStamped_<std::allocator<void> >, std::allocator<void> > >][m[K’
[10.748s] [01m[K/opt/ros/humble/include/rclcpp/rclcpp/create_subscription.hpp:122:63:[m[K   required from ‘[01m[Kstd::shared_ptr<ROSMessageT> rclcpp::detail::create_subscription(NodeParametersT&, NodeTopicsT&, const string&, const rclcpp::QoS&, CallbackT&&, const rclcpp::SubscriptionOptionsWithAllocator<AllocatorT>&, typename MessageMemoryStrategyT::SharedPtr) [with MessageT = geometry_msgs::msg::PoseWithCovarianceStamped_<std::allocator<void> >; CallbackT = std::_Bind<void (GoalGenerator::*(GoalGenerator*, std::_Placeholder<1>))()>; AllocatorT = std::allocator<void>; SubscriptionT = rclcpp::Subscription<geometry_msgs::msg::PoseWithCovarianceStamped_<std::allocator<void> > >; MessageMemoryStrategyT = rclcpp::message_memory_strategy::MessageMemoryStrategy<geometry_msgs::msg::PoseWithCovarianceStamped_<std::allocator<void> >, std::allocator<void> >; NodeParametersT = rclcpp::Node; NodeTopicsT = rclcpp::Node; ROSMessageType = geometry_msgs::msg::PoseWithCovarianceStamped_<std::allocator<void> >; std::string = std::__cxx11::basic_string<char>; typename MessageMemoryStrategyT::SharedPtr = std::shared_ptr<rclcpp::message_memory_strategy::MessageMemoryStrategy<geometry_msgs::msg::PoseWithCovarianceStamped_<std::allocator<void> >, std::allocator<void> > >][m[K’
[10.748s] [01m[K/opt/ros/humble/include/rclcpp/rclcpp/create_subscription.hpp:191:76:[m[K   required from ‘[01m[Kstd::shared_ptr<ROSMessageT> rclcpp::create_subscription(NodeT&, const string&, const rclcpp::QoS&, CallbackT&&, const rclcpp::SubscriptionOptionsWithAllocator<AllocatorT>&, typename MessageMemoryStrategyT::SharedPtr) [with MessageT = geometry_msgs::msg::PoseWithCovarianceStamped_<std::allocator<void> >; CallbackT = std::_Bind<void (GoalGenerator::*(GoalGenerator*, std::_Placeholder<1>))()>; AllocatorT = std::allocator<void>; SubscriptionT = rclcpp::Subscription<geometry_msgs::msg::PoseWithCovarianceStamped_<std::allocator<void> > >; MessageMemoryStrategyT = rclcpp::message_memory_strategy::MessageMemoryStrategy<geometry_msgs::msg::PoseWithCovarianceStamped_<std::allocator<void> >, std::allocator<void> >; NodeT = rclcpp::Node; std::string = std::__cxx11::basic_string<char>; typename MessageMemoryStrategyT::SharedPtr = std::shared_ptr<rclcpp::message_memory_strategy::MessageMemoryStrategy<geometry_msgs::msg::PoseWithCovarianceStamped_<std::allocator<void> >, std::allocator<void> > >][m[K’
[10.748s] [01m[K/opt/ros/humble/include/rclcpp/rclcpp/node_impl.hpp:99:47:[m[K   required from ‘[01m[Kstd::shared_ptr<ROSMessageT> rclcpp::Node::create_subscription(const string&, const rclcpp::QoS&, CallbackT&&, const rclcpp::SubscriptionOptionsWithAllocator<AllocatorT>&, typename MessageMemoryStrategyT::SharedPtr) [with MessageT = geometry_msgs::msg::PoseWithCovarianceStamped_<std::allocator<void> >; CallbackT = std::_Bind<void (GoalGenerator::*(GoalGenerator*, std::_Placeholder<1>))()>; AllocatorT = std::allocator<void>; SubscriptionT = rclcpp::Subscription<geometry_msgs::msg::PoseWithCovarianceStamped_<std::allocator<void> > >; MessageMemoryStrategyT = rclcpp::message_memory_strategy::MessageMemoryStrategy<geometry_msgs::msg::PoseWithCovarianceStamped_<std::allocator<void> >, std::allocator<void> >; std::string = std::__cxx11::basic_string<char>; typename MessageMemoryStrategyT::SharedPtr = std::shared_ptr<rclcpp::message_memory_strategy::MessageMemoryStrategy<geometry_msgs::msg::PoseWithCovarianceStamped_<std::allocator<void> >, std::allocator<void> > >][m[K’
[10.748s] [01m[K/home/prajesh/slam_ws/src/cpp_nav2_control/src/random_wp_gen.cpp:25:103:[m[K   required from here
[10.748s] [01m[K/opt/ros/humble/include/rclcpp/rclcpp/any_subscription_callback.hpp:394:27:[m[K [01;31m[Kerror: [m[Kno matching function for call to ‘[01m[Kstd::function<void()>::function(std::_Bind<void (GoalGenerator::*(GoalGenerator*, std::_Placeholder<1>))()>&)[m[K’
[10.749s]   394 |       callback_variant_ = [01;31m[Kstatic_cast<typename scbth::callback_type>(callback)[m[K;
[10.749s]       |                           [01;31m[K^~~~~~~~~~~~~~~~~~~~~~~~~~~~~~~~~~~~~~~~~~~~~~~~~~~~[m[K
[10.749s] In file included from [01m[K/usr/include/c++/11/future:47[m[K,
[10.749s]                  from [01m[K/opt/ros/humble/include/rclcpp/rclcpp/executors.hpp:18[m[K,
[10.749s]                  from [01m[K/opt/ros/humble/include/rclcpp/rclcpp/rclcpp.hpp:155[m[K,
[10.750s]                  from [01m[K/home/prajesh/slam_ws/src/cpp_nav2_control/src/random_wp_gen.cpp:1[m[K:
[10.750s] [01m[K/usr/include/c++/11/bits/std_function.h:435:9:[m[K [01;36m[Knote: [m[Kcandidate: ‘[01m[Ktemplate<class _Functor, class _Constraints> std::function<_Res(_ArgTypes ...)>::function(_Functor&&) [with _Functor = _Functor; _Constraints = _Constraints; _Res = void; _ArgTypes = {}][m[K’
[10.750s]   435 |         [01;36m[Kfunction[m[K(_Functor&& __f)
[10.750s]       |         [01;36m[K^~~~~~~~[m[K
[10.750s] [01m[K/usr/include/c++/11/bits/std_function.h:435:9:[m[K [01;36m[Knote: [m[K  template argument deduction/substitution failed:
[10.750s] In file included from [01m[K/usr/include/c++/11/bits/move.h:57[m[K,
[10.750s]                  from [01m[K/usr/include/c++/11/bits/stl_pair.h:59[m[K,
[10.750s]                  from [01m[K/usr/include/c++/11/bits/stl_algobase.h:64[m[K,
[10.750s]                  from [01m[K/usr/include/c++/11/memory:63[m[K,
[10.750s]                  from [01m[K/opt/ros/humble/include/rclcpp/rclcpp/rclcpp.hpp:153[m[K,
[10.750s]                  from [01m[K/home/prajesh/slam_ws/src/cpp_nav2_control/src/random_wp_gen.cpp:1[m[K:
[10.750s] /usr/include/c++/11/type_traits: In substitution of ‘[01m[Ktemplate<bool _Cond, class _Tp> using __enable_if_t = typename std::enable_if::type [with bool _Cond = false; _Tp = void][m[K’:
[10.750s] [01m[K/usr/include/c++/11/bits/std_function.h:353:8:[m[K   required by substitution of ‘[01m[Ktemplate<class _Res, class ... _ArgTypes> template<class _Cond, class _Tp> using _Requires = std::__enable_if_t<_Cond::value, _Tp> [with _Cond = std::function<void()>::_Callable<std::_Bind<void (GoalGenerator::*(GoalGenerator*, std::_Placeholder<1>))()>&, std::_Bind<void (GoalGenerator::*(GoalGenerator*, std::_Placeholder<1>))()>, std::__invoke_result<std::_Bind<void (GoalGenerator::*(GoalGenerator*, std::_Placeholder<1>))()>&> >; _Tp = void; _Res = void; _ArgTypes = {}][m[K’
[10.750s] [01m[K/usr/include/c++/11/bits/std_function.h:434:9:[m[K   required from ‘[01m[Krclcpp::AnySubscriptionCallback<MessageT, AllocatorT> rclcpp::AnySubscriptionCallback<MessageT, AllocatorT>::set(CallbackT) [with CallbackT = std::_Bind<void (GoalGenerator::*(GoalGenerator*, std::_Placeholder<1>))()>; MessageT = geometry_msgs::msg::PoseWithCovarianceStamped_<std::allocator<void> >; AllocatorT = std::allocator<void>][m[K’
[10.751s] [01m[K/opt/ros/humble/include/rclcpp/rclcpp/subscription_factory.hpp:94:32:[m[K   required from ‘[01m[Krclcpp::SubscriptionFactory rclcpp::create_subscription_factory(CallbackT&&, const rclcpp::SubscriptionOptionsWithAllocator<AllocatorT>&, typename MessageMemoryStrategyT::SharedPtr, std::shared_ptr<rclcpp::topic_statistics::SubscriptionTopicStatistics<ROSMessageType> >) [with MessageT = geometry_msgs::msg::PoseWithCovarianceStamped_<std::allocator<void> >; CallbackT = std::_Bind<void (GoalGenerator::*(GoalGenerator*, std::_Placeholder<1>))()>; AllocatorT = std::allocator<void>; SubscriptionT = rclcpp::Subscription<geometry_msgs::msg::PoseWithCovarianceStamped_<std::allocator<void> > >; MessageMemoryStrategyT = rclcpp::message_memory_strategy::MessageMemoryStrategy<geometry_msgs::msg::PoseWithCovarianceStamped_<std::allocator<void> >, std::allocator<void> >; ROSMessageType = geometry_msgs::msg::PoseWithCovarianceStamped_<std::allocator<void> >; typename MessageMemoryStrategyT::SharedPtr = std::shared_ptr<rclcpp::message_memory_strategy::MessageMemoryStrategy<geometry_msgs::msg::PoseWithCovarianceStamped_<std::allocator<void> >, std::allocator<void> > >][m[K’
[10.751s] [01m[K/opt/ros/humble/include/rclcpp/rclcpp/create_subscription.hpp:122:63:[m[K   required from ‘[01m[Kstd::shared_ptr<ROSMessageT> rclcpp::detail::create_subscription(NodeParametersT&, NodeTopicsT&, const string&, const rclcpp::QoS&, CallbackT&&, const rclcpp::SubscriptionOptionsWithAllocator<AllocatorT>&, typename MessageMemoryStrategyT::SharedPtr) [with MessageT = geometry_msgs::msg::PoseWithCovarianceStamped_<std::allocator<void> >; CallbackT = std::_Bind<void (GoalGenerator::*(GoalGenerator*, std::_Placeholder<1>))()>; AllocatorT = std::allocator<void>; SubscriptionT = rclcpp::Subscription<geometry_msgs::msg::PoseWithCovarianceStamped_<std::allocator<void> > >; MessageMemoryStrategyT = rclcpp::message_memory_strategy::MessageMemoryStrategy<geometry_msgs::msg::PoseWithCovarianceStamped_<std::allocator<void> >, std::allocator<void> >; NodeParametersT = rclcpp::Node; NodeTopicsT = rclcpp::Node; ROSMessageType = geometry_msgs::msg::PoseWithCovarianceStamped_<std::allocator<void> >; std::string = std::__cxx11::basic_string<char>; typename MessageMemoryStrategyT::SharedPtr = std::shared_ptr<rclcpp::message_memory_strategy::MessageMemoryStrategy<geometry_msgs::msg::PoseWithCovarianceStamped_<std::allocator<void> >, std::allocator<void> > >][m[K’
[10.751s] [01m[K/opt/ros/humble/include/rclcpp/rclcpp/create_subscription.hpp:191:76:[m[K   required from ‘[01m[Kstd::shared_ptr<ROSMessageT> rclcpp::create_subscription(NodeT&, const string&, const rclcpp::QoS&, CallbackT&&, const rclcpp::SubscriptionOptionsWithAllocator<AllocatorT>&, typename MessageMemoryStrategyT::SharedPtr) [with MessageT = geometry_msgs::msg::PoseWithCovarianceStamped_<std::allocator<void> >; CallbackT = std::_Bind<void (GoalGenerator::*(GoalGenerator*, std::_Placeholder<1>))()>; AllocatorT = std::allocator<void>; SubscriptionT = rclcpp::Subscription<geometry_msgs::msg::PoseWithCovarianceStamped_<std::allocator<void> > >; MessageMemoryStrategyT = rclcpp::message_memory_strategy::MessageMemoryStrategy<geometry_msgs::msg::PoseWithCovarianceStamped_<std::allocator<void> >, std::allocator<void> >; NodeT = rclcpp::Node; std::string = std::__cxx11::basic_string<char>; typename MessageMemoryStrategyT::SharedPtr = std::shared_ptr<rclcpp::message_memory_strategy::MessageMemoryStrategy<geometry_msgs::msg::PoseWithCovarianceStamped_<std::allocator<void> >, std::allocator<void> > >][m[K’
[10.751s] [01m[K/opt/ros/humble/include/rclcpp/rclcpp/node_impl.hpp:99:47:[m[K   required from ‘[01m[Kstd::shared_ptr<ROSMessageT> rclcpp::Node::create_subscription(const string&, const rclcpp::QoS&, CallbackT&&, const rclcpp::SubscriptionOptionsWithAllocator<AllocatorT>&, typename MessageMemoryStrategyT::SharedPtr) [with MessageT = geometry_msgs::msg::PoseWithCovarianceStamped_<std::allocator<void> >; CallbackT = std::_Bind<void (GoalGenerator::*(GoalGenerator*, std::_Placeholder<1>))()>; AllocatorT = std::allocator<void>; SubscriptionT = rclcpp::Subscription<geometry_msgs::msg::PoseWithCovarianceStamped_<std::allocator<void> > >; MessageMemoryStrategyT = rclcpp::message_memory_strategy::MessageMemoryStrategy<geometry_msgs::msg::PoseWithCovarianceStamped_<std::allocator<void> >, std::allocator<void> >; std::string = std::__cxx11::basic_string<char>; typename MessageMemoryStrategyT::SharedPtr = std::shared_ptr<rclcpp::message_memory_strategy::MessageMemoryStrategy<geometry_msgs::msg::PoseWithCovarianceStamped_<std::allocator<void> >, std::allocator<void> > >][m[K’
[10.751s] [01m[K/home/prajesh/slam_ws/src/cpp_nav2_control/src/random_wp_gen.cpp:25:103:[m[K   required from here
[10.751s] [01m[K/usr/include/c++/11/type_traits:2211:11:[m[K [01;31m[Kerror: [m[Kno type named ‘[01m[Ktype[m[K’ in ‘[01m[Kstruct std::enable_if<false, void>[m[K’
[10.751s]  2211 |     using [01;31m[K__enable_if_t[m[K = typename enable_if<_Cond, _Tp>::type;
[10.751s]       |           [01;31m[K^~~~~~~~~~~~~[m[K
[10.751s] In file included from [01m[K/usr/include/c++/11/future:47[m[K,
[10.751s]                  from [01m[K/opt/ros/humble/include/rclcpp/rclcpp/executors.hpp:18[m[K,
[10.751s]                  from [01m[K/opt/ros/humble/include/rclcpp/rclcpp/rclcpp.hpp:155[m[K,
[10.751s]                  from [01m[K/home/prajesh/slam_ws/src/cpp_nav2_control/src/random_wp_gen.cpp:1[m[K:
[10.751s] /opt/ros/humble/include/rclcpp/rclcpp/any_subscription_callback.hpp: In instantiation of ‘[01m[Krclcpp::AnySubscriptionCallback<MessageT, AllocatorT> rclcpp::AnySubscriptionCallback<MessageT, AllocatorT>::set(CallbackT) [with CallbackT = std::_Bind<void (GoalGenerator::*(GoalGenerator*, std::_Placeholder<1>))()>; MessageT = geometry_msgs::msg::PoseWithCovarianceStamped_<std::allocator<void> >; AllocatorT = std::allocator<void>][m[K’:
[10.752s] [01m[K/opt/ros/humble/include/rclcpp/rclcpp/subscription_factory.hpp:94:32:[m[K   required from ‘[01m[Krclcpp::SubscriptionFactory rclcpp::create_subscription_factory(CallbackT&&, const rclcpp::SubscriptionOptionsWithAllocator<AllocatorT>&, typename MessageMemoryStrategyT::SharedPtr, std::shared_ptr<rclcpp::topic_statistics::SubscriptionTopicStatistics<ROSMessageType> >) [with MessageT = geometry_msgs::msg::PoseWithCovarianceStamped_<std::allocator<void> >; CallbackT = std::_Bind<void (GoalGenerator::*(GoalGenerator*, std::_Placeholder<1>))()>; AllocatorT = std::allocator<void>; SubscriptionT = rclcpp::Subscription<geometry_msgs::msg::PoseWithCovarianceStamped_<std::allocator<void> > >; MessageMemoryStrategyT = rclcpp::message_memory_strategy::MessageMemoryStrategy<geometry_msgs::msg::PoseWithCovarianceStamped_<std::allocator<void> >, std::allocator<void> >; ROSMessageType = geometry_msgs::msg::PoseWithCovarianceStamped_<std::allocator<void> >; typename MessageMemoryStrategyT::SharedPtr = std::shared_ptr<rclcpp::message_memory_strategy::MessageMemoryStrategy<geometry_msgs::msg::PoseWithCovarianceStamped_<std::allocator<void> >, std::allocator<void> > >][m[K’
[10.752s] [01m[K/opt/ros/humble/include/rclcpp/rclcpp/create_subscription.hpp:122:63:[m[K   required from ‘[01m[Kstd::shared_ptr<ROSMessageT> rclcpp::detail::create_subscription(NodeParametersT&, NodeTopicsT&, const string&, const rclcpp::QoS&, CallbackT&&, const rclcpp::SubscriptionOptionsWithAllocator<AllocatorT>&, typename MessageMemoryStrategyT::SharedPtr) [with MessageT = geometry_msgs::msg::PoseWithCovarianceStamped_<std::allocator<void> >; CallbackT = std::_Bind<void (GoalGenerator::*(GoalGenerator*, std::_Placeholder<1>))()>; AllocatorT = std::allocator<void>; SubscriptionT = rclcpp::Subscription<geometry_msgs::msg::PoseWithCovarianceStamped_<std::allocator<void> > >; MessageMemoryStrategyT = rclcpp::message_memory_strategy::MessageMemoryStrategy<geometry_msgs::msg::PoseWithCovarianceStamped_<std::allocator<void> >, std::allocator<void> >; NodeParametersT = rclcpp::Node; NodeTopicsT = rclcpp::Node; ROSMessageType = geometry_msgs::msg::PoseWithCovarianceStamped_<std::allocator<void> >; std::string = std::__cxx11::basic_string<char>; typename MessageMemoryStrategyT::SharedPtr = std::shared_ptr<rclcpp::message_memory_strategy::MessageMemoryStrategy<geometry_msgs::msg::PoseWithCovarianceStamped_<std::allocator<void> >, std::allocator<void> > >][m[K’
[10.752s] [01m[K/opt/ros/humble/include/rclcpp/rclcpp/create_subscription.hpp:191:76:[m[K   required from ‘[01m[Kstd::shared_ptr<ROSMessageT> rclcpp::create_subscription(NodeT&, const string&, const rclcpp::QoS&, CallbackT&&, const rclcpp::SubscriptionOptionsWithAllocator<AllocatorT>&, typename MessageMemoryStrategyT::SharedPtr) [with MessageT = geometry_msgs::msg::PoseWithCovarianceStamped_<std::allocator<void> >; CallbackT = std::_Bind<void (GoalGenerator::*(GoalGenerator*, std::_Placeholder<1>))()>; AllocatorT = std::allocator<void>; SubscriptionT = rclcpp::Subscription<geometry_msgs::msg::PoseWithCovarianceStamped_<std::allocator<void> > >; MessageMemoryStrategyT = rclcpp::message_memory_strategy::MessageMemoryStrategy<geometry_msgs::msg::PoseWithCovarianceStamped_<std::allocator<void> >, std::allocator<void> >; NodeT = rclcpp::Node; std::string = std::__cxx11::basic_string<char>; typename MessageMemoryStrategyT::SharedPtr = std::shared_ptr<rclcpp::message_memory_strategy::MessageMemoryStrategy<geometry_msgs::msg::PoseWithCovarianceStamped_<std::allocator<void> >, std::allocator<void> > >][m[K’
[10.752s] [01m[K/opt/ros/humble/include/rclcpp/rclcpp/node_impl.hpp:99:47:[m[K   required from ‘[01m[Kstd::shared_ptr<ROSMessageT> rclcpp::Node::create_subscription(const string&, const rclcpp::QoS&, CallbackT&&, const rclcpp::SubscriptionOptionsWithAllocator<AllocatorT>&, typename MessageMemoryStrategyT::SharedPtr) [with MessageT = geometry_msgs::msg::PoseWithCovarianceStamped_<std::allocator<void> >; CallbackT = std::_Bind<void (GoalGenerator::*(GoalGenerator*, std::_Placeholder<1>))()>; AllocatorT = std::allocator<void>; SubscriptionT = rclcpp::Subscription<geometry_msgs::msg::PoseWithCovarianceStamped_<std::allocator<void> > >; MessageMemoryStrategyT = rclcpp::message_memory_strategy::MessageMemoryStrategy<geometry_msgs::msg::PoseWithCovarianceStamped_<std::allocator<void> >, std::allocator<void> >; std::string = std::__cxx11::basic_string<char>; typename MessageMemoryStrategyT::SharedPtr = std::shared_ptr<rclcpp::message_memory_strategy::MessageMemoryStrategy<geometry_msgs::msg::PoseWithCovarianceStamped_<std::allocator<void> >, std::allocator<void> > >][m[K’
[10.752s] [01m[K/home/prajesh/slam_ws/src/cpp_nav2_control/src/random_wp_gen.cpp:25:103:[m[K   required from here
[10.752s] [01m[K/usr/include/c++/11/bits/std_function.h:404:7:[m[K [01;36m[Knote: [m[Kcandidate: ‘[01m[Kstd::function<_Res(_ArgTypes ...)>::function(std::function<_Res(_ArgTypes ...)>&&) [with _Res = void; _ArgTypes = {}][m[K’
[10.753s]   404 |       [01;36m[Kfunction[m[K(function&& __x) noexcept
[10.753s]       |       [01;36m[K^~~~~~~~[m[K
[10.753s] [01m[K/usr/include/c++/11/bits/std_function.h:404:27:[m[K [01;36m[Knote: [m[K  no known conversion for argument 1 from ‘[01m[Kstd::_Bind<void (GoalGenerator::*(GoalGenerator*, std::_Placeholder<1>))()>[m[K’ to ‘[01m[Kstd::function<void()>&&[m[K’
[10.753s]   404 |       function([01;36m[Kfunction&& __x[m[K) noexcept
[10.753s]       |                [01;36m[K~~~~~~~~~~~^~~[m[K
[10.753s] [01m[K/usr/include/c++/11/bits/std_function.h:386:7:[m[K [01;36m[Knote: [m[Kcandidate: ‘[01m[Kstd::function<_Res(_ArgTypes ...)>::function(const std::function<_Res(_ArgTypes ...)>&) [with _Res = void; _ArgTypes = {}][m[K’
[10.753s]   386 |       [01;36m[Kfunction[m[K(const function& __x)
[10.753s]       |       [01;36m[K^~~~~~~~[m[K
[10.753s] [01m[K/usr/include/c++/11/bits/std_function.h:386:32:[m[K [01;36m[Knote: [m[K  no known conversion for argument 1 from ‘[01m[Kstd::_Bind<void (GoalGenerator::*(GoalGenerator*, std::_Placeholder<1>))()>[m[K’ to ‘[01m[Kconst std::function<void()>&[m[K’
[10.753s]   386 |       function([01;36m[Kconst function& __x[m[K)
[10.753s]       |                [01;36m[K~~~~~~~~~~~~~~~~^~~[m[K
[10.753s] [01m[K/usr/include/c++/11/bits/std_function.h:375:7:[m[K [01;36m[Knote: [m[Kcandidate: ‘[01m[Kstd::function<_Res(_ArgTypes ...)>::function(std::nullptr_t) [with _Res = void; _ArgTypes = {}; std::nullptr_t = std::nullptr_t][m[K’
[10.753s]   375 |       [01;36m[Kfunction[m[K(nullptr_t) noexcept
[10.754s]       |       [01;36m[K^~~~~~~~[m[K
[10.754s] [01m[K/usr/include/c++/11/bits/std_function.h:375:16:[m[K [01;36m[Knote: [m[K  no known conversion for argument 1 from ‘[01m[Kstd::_Bind<void (GoalGenerator::*(GoalGenerator*, std::_Placeholder<1>))()>[m[K’ to ‘[01m[Kstd::nullptr_t[m[K’
[10.754s]   375 |       function([01;36m[Knullptr_t[m[K) noexcept
[10.754s]       |                [01;36m[K^~~~~~~~~[m[K
[10.754s] [01m[K/usr/include/c++/11/bits/std_function.h:368:7:[m[K [01;36m[Knote: [m[Kcandidate: ‘[01m[Kstd::function<_Res(_ArgTypes ...)>::function() [with _Res = void; _ArgTypes = {}][m[K’
[10.754s]   368 |       [01;36m[Kfunction[m[K() noexcept
[10.758s]       |       [01;36m[K^~~~~~~~[m[K
[10.758s] [01m[K/usr/include/c++/11/bits/std_function.h:368:7:[m[K [01;36m[Knote: [m[K  candidate expects 0 arguments, 1 provided
[14.692s] gmake[2]: *** [CMakeFiles/random_goal_generator.dir/build.make:76: CMakeFiles/random_goal_generator.dir/src/random_wp_gen.cpp.o] Error 1
[14.692s] gmake[1]: *** [CMakeFiles/Makefile2:137: CMakeFiles/random_goal_generator.dir/all] Error 2
[14.692s] gmake: *** [Makefile:146: all] Error 2
[14.693s] Invoked command in '/home/prajesh/slam_ws/build/cpp_nav2_control' returned '2': CMAKE_PREFIX_PATH=${CMAKE_PREFIX_PATH}:/home/prajesh/my_ws/install/py_server_test:/home/prajesh/my_ws/install/py_final_project:/home/prajesh/my_ws/install/my_py_pkg:/opt/ros/humble /usr/bin/cmake --build /home/prajesh/slam_ws/build/cpp_nav2_control -- -j4 -l4
