[0.013s] Invoking command in '/home/prajesh/slam_ws/build/cpp_nav2_control': CMAKE_PREFIX_PATH=${CMAKE_PREFIX_PATH}:/home/prajesh/my_ws/install/py_server_test:/home/prajesh/my_ws/install/py_final_project:/home/prajesh/my_ws/install/my_py_pkg:/opt/ros/humble /usr/bin/cmake /home/prajesh/slam_ws/src/cpp_nav2_control -DCMAKE_INSTALL_PREFIX=/home/prajesh/slam_ws/install/cpp_nav2_control
[0.252s] -- The C compiler identification is GNU 11.3.0
[0.407s] -- The CXX compiler identification is GNU 11.3.0
[0.423s] -- Detecting C compiler ABI info
[0.528s] -- Detecting C compiler ABI info - done
[0.534s] -- Check for working C compiler: /usr/bin/cc - skipped
[0.535s] -- Detecting C compile features
[0.536s] -- Detecting C compile features - done
[0.540s] -- Detecting CXX compiler ABI info
[0.626s] -- Detecting CXX compiler ABI info - done
[0.632s] -- Check for working CXX compiler: /usr/bin/c++ - skipped
[0.632s] -- Detecting CXX compile features
[0.632s] -- Detecting CXX compile features - done
[0.648s] -- Found ament_cmake: 1.3.4 (/opt/ros/humble/share/ament_cmake/cmake)
[0.810s] -- Found Python3: /usr/bin/python3.10 (found version "3.10.6") found components: Interpreter 
[0.962s] -- Found rclcpp: 16.0.4 (/opt/ros/humble/share/rclcpp/cmake)
[1.033s] -- Found rosidl_generator_c: 3.1.4 (/opt/ros/humble/share/rosidl_generator_c/cmake)
[1.042s] -- Found rosidl_adapter: 3.1.4 (/opt/ros/humble/share/rosidl_adapter/cmake)
[1.059s] -- Found rosidl_generator_cpp: 3.1.4 (/opt/ros/humble/share/rosidl_generator_cpp/cmake)
[1.083s] -- Using all available rosidl_typesupport_c: rosidl_typesupport_fastrtps_c;rosidl_typesupport_introspection_c
[1.110s] -- Using all available rosidl_typesupport_cpp: rosidl_typesupport_fastrtps_cpp;rosidl_typesupport_introspection_cpp
[1.209s] -- Found rmw_implementation_cmake: 6.1.1 (/opt/ros/humble/share/rmw_implementation_cmake/cmake)
[1.214s] -- Found rmw_cyclonedds_cpp: 1.3.4 (/opt/ros/humble/share/rmw_cyclonedds_cpp/cmake)
[1.271s] -- Using RMW implementation 'rmw_cyclonedds_cpp' as default
[1.290s] -- Looking for pthread.h
[1.365s] -- Looking for pthread.h - found
[1.365s] -- Performing Test CMAKE_HAVE_LIBC_PTHREAD
[1.441s] -- Performing Test CMAKE_HAVE_LIBC_PTHREAD - Success
[1.441s] -- Found Threads: TRUE  
[1.632s] [31mCMake Error at CMakeLists.txt:12 (find_package):
[1.632s]   By not providing "Findstd_srv.cmake" in CMAKE_MODULE_PATH this project has
[1.632s]   asked CMake to find a package configuration file provided by "std_srv", but
[1.632s]   CMake did not find one.
[1.632s] 
[1.632s]   Could not find a package configuration file provided by "std_srv" with any
[1.632s]   of the following names:
[1.632s] 
[1.632s]     std_srvConfig.cmake
[1.632s]     std_srv-config.cmake
[1.632s] 
[1.633s]   Add the installation prefix of "std_srv" to CMAKE_PREFIX_PATH or set
[1.633s]   "std_srv_DIR" to a directory containing one of the above files.  If
[1.633s]   "std_srv" provides a separate development package or SDK, be sure it has
[1.633s]   been installed.
[1.633s] 
[1.633s] [0m
[1.633s] -- Configuring incomplete, errors occurred!
[1.633s] See also "/home/prajesh/slam_ws/build/cpp_nav2_control/CMakeFiles/CMakeOutput.log".
[1.637s] Invoked command in '/home/prajesh/slam_ws/build/cpp_nav2_control' returned '1': CMAKE_PREFIX_PATH=${CMAKE_PREFIX_PATH}:/home/prajesh/my_ws/install/py_server_test:/home/prajesh/my_ws/install/py_final_project:/home/prajesh/my_ws/install/my_py_pkg:/opt/ros/humble /usr/bin/cmake /home/prajesh/slam_ws/src/cpp_nav2_control -DCMAKE_INSTALL_PREFIX=/home/prajesh/slam_ws/install/cpp_nav2_control
