[0.023s] Invoking command in '/home/prajesh/slam_ws/build/cpp_nav2_control': CMAKE_PREFIX_PATH=${CMAKE_PREFIX_PATH}:/home/prajesh/my_ws/install/py_server_test:/home/prajesh/my_ws/install/py_final_project:/home/prajesh/my_ws/install/my_py_pkg:/opt/ros/humble /usr/bin/cmake --build /home/prajesh/slam_ws/build/cpp_nav2_control -- -j4 -l4
[0.084s] [35m[1mConsolidate compiler generated dependencies of target random_goal_generator[0m
[0.105s] [ 50%] [32mBuilding CXX object CMakeFiles/random_goal_generator.dir/src/random_wp_gen.cpp.o[0m
[3.625s] [01m[K/home/prajesh/slam_ws/src/cpp_nav2_control/src/random_wp_gen.cpp:[m[K In member function ‘[01m[Kvoid GoalGenerator::turtle_pose_sub_callback(geometry_msgs::msg::PoseWithCovarianceStamped)[m[K’:
[3.625s] [01m[K/home/prajesh/slam_ws/src/cpp_nav2_control/src/random_wp_gen.cpp:49:85:[m[K [01;35m[Kwarning: [m[Kunused parameter ‘[01m[Kmsg[m[K’ [[01;35m[K]8;;https://gcc.gnu.org/onlinedocs/gcc/Warning-Options.html#index-Wunused-parameter-Wunused-parameter]8;;[m[K]
[3.625s]    49 |         void turtle_pose_sub_callback([01;35m[Kgeometry_msgs::msg::PoseWithCovarianceStamped msg[m[K)
[3.626s]       |                                       [01;35m[K~~~~~~~~~~~~~~~~~~~~~~~~~~~~~~~~~~~~~~~~~~~~~~^~~[m[K
[13.235s] [100%] [32m[1mLinking CXX executable random_goal_generator[0m
[14.553s] [100%] Built target random_goal_generator
[14.569s] Invoked command in '/home/prajesh/slam_ws/build/cpp_nav2_control' returned '0': CMAKE_PREFIX_PATH=${CMAKE_PREFIX_PATH}:/home/prajesh/my_ws/install/py_server_test:/home/prajesh/my_ws/install/py_final_project:/home/prajesh/my_ws/install/my_py_pkg:/opt/ros/humble /usr/bin/cmake --build /home/prajesh/slam_ws/build/cpp_nav2_control -- -j4 -l4
[14.622s] Invoking command in '/home/prajesh/slam_ws/build/cpp_nav2_control': CMAKE_PREFIX_PATH=${CMAKE_PREFIX_PATH}:/home/prajesh/my_ws/install/py_server_test:/home/prajesh/my_ws/install/py_final_project:/home/prajesh/my_ws/install/my_py_pkg:/opt/ros/humble /usr/bin/cmake --install /home/prajesh/slam_ws/build/cpp_nav2_control
[14.632s] -- Install configuration: ""
[14.637s] -- Installing: /home/prajesh/slam_ws/install/cpp_nav2_control/lib/cpp_nav2_control/random_goal_generator
[14.646s] -- Set runtime path of "/home/prajesh/slam_ws/install/cpp_nav2_control/lib/cpp_nav2_control/random_goal_generator" to ""
[14.647s] -- Up-to-date: /home/prajesh/slam_ws/install/cpp_nav2_control/share/ament_index/resource_index/package_run_dependencies/cpp_nav2_control
[14.647s] -- Installing: /home/prajesh/slam_ws/install/cpp_nav2_control/share/ament_index/resource_index/parent_prefix_path/cpp_nav2_control
[14.648s] -- Up-to-date: /home/prajesh/slam_ws/install/cpp_nav2_control/share/cpp_nav2_control/environment/ament_prefix_path.sh
[14.648s] -- Installing: /home/prajesh/slam_ws/install/cpp_nav2_control/share/cpp_nav2_control/environment/ament_prefix_path.dsv
[14.648s] -- Up-to-date: /home/prajesh/slam_ws/install/cpp_nav2_control/share/cpp_nav2_control/environment/path.sh
[14.648s] -- Installing: /home/prajesh/slam_ws/install/cpp_nav2_control/share/cpp_nav2_control/environment/path.dsv
[14.649s] -- Up-to-date: /home/prajesh/slam_ws/install/cpp_nav2_control/share/cpp_nav2_control/local_setup.bash
[14.649s] -- Up-to-date: /home/prajesh/slam_ws/install/cpp_nav2_control/share/cpp_nav2_control/local_setup.sh
[14.649s] -- Up-to-date: /home/prajesh/slam_ws/install/cpp_nav2_control/share/cpp_nav2_control/local_setup.zsh
[14.649s] -- Installing: /home/prajesh/slam_ws/install/cpp_nav2_control/share/cpp_nav2_control/local_setup.dsv
[14.649s] -- Installing: /home/prajesh/slam_ws/install/cpp_nav2_control/share/cpp_nav2_control/package.dsv
[14.650s] -- Up-to-date: /home/prajesh/slam_ws/install/cpp_nav2_control/share/ament_index/resource_index/packages/cpp_nav2_control
[14.650s] -- Up-to-date: /home/prajesh/slam_ws/install/cpp_nav2_control/share/cpp_nav2_control/cmake/cpp_nav2_controlConfig.cmake
[14.650s] -- Up-to-date: /home/prajesh/slam_ws/install/cpp_nav2_control/share/cpp_nav2_control/cmake/cpp_nav2_controlConfig-version.cmake
[14.650s] -- Up-to-date: /home/prajesh/slam_ws/install/cpp_nav2_control/share/cpp_nav2_control/package.xml
[14.662s] Invoked command in '/home/prajesh/slam_ws/build/cpp_nav2_control' returned '0': CMAKE_PREFIX_PATH=${CMAKE_PREFIX_PATH}:/home/prajesh/my_ws/install/py_server_test:/home/prajesh/my_ws/install/py_final_project:/home/prajesh/my_ws/install/my_py_pkg:/opt/ros/humble /usr/bin/cmake --install /home/prajesh/slam_ws/build/cpp_nav2_control
