[0.318s] DEBUG:colcon:Command line arguments: ['/usr/bin/colcon', 'build']
[0.318s] DEBUG:colcon:Parsed command line arguments: Namespace(log_base=None, log_level=None, verb_name='build', build_base='build', install_base='install', merge_install=False, symlink_install=False, test_result_base=None, continue_on_error=False, executor='parallel', parallel_workers=8, event_handlers=None, ignore_user_meta=False, metas=['./colcon.meta'], base_paths=['.'], packages_ignore=None, packages_ignore_regex=None, paths=None, packages_up_to=None, packages_up_to_regex=None, packages_above=None, packages_above_and_dependencies=None, packages_above_depth=None, packages_select_by_dep=None, packages_skip_by_dep=None, packages_skip_up_to=None, packages_select_build_failed=False, packages_skip_build_finished=False, packages_select_test_failures=False, packages_skip_test_passed=False, packages_select=None, packages_skip=None, packages_select_regex=None, packages_skip_regex=None, packages_start=None, packages_end=None, allow_overriding=[], cmake_args=None, cmake_target=None, cmake_target_skip_unavailable=False, cmake_clean_cache=False, cmake_clean_first=False, cmake_force_configure=False, ament_cmake_args=None, catkin_cmake_args=None, catkin_skip_building_tests=False, verb_parser=<colcon_defaults.argument_parser.defaults.DefaultArgumentsDecorator object at 0x7f7a85ee0670>, verb_extension=<colcon_core.verb.build.BuildVerb object at 0x7f7a85ee0130>, main=<bound method BuildVerb.main of <colcon_core.verb.build.BuildVerb object at 0x7f7a85ee0130>>)
[0.340s] Level 1:colcon.colcon_core.package_discovery:discover_packages(colcon_meta) check parameters
[0.340s] Level 1:colcon.colcon_core.package_discovery:discover_packages(recursive) check parameters
[0.340s] Level 1:colcon.colcon_core.package_discovery:discover_packages(ignore) check parameters
[0.340s] Level 1:colcon.colcon_core.package_discovery:discover_packages(path) check parameters
[0.340s] Level 1:colcon.colcon_core.package_discovery:discover_packages(colcon_meta) discover
[0.340s] Level 1:colcon.colcon_core.package_discovery:discover_packages(recursive) discover
[0.340s] INFO:colcon.colcon_core.package_discovery:Crawling recursively for packages in '/home/prajesh/slam_ws'
[0.340s] Level 1:colcon.colcon_core.package_identification:_identify(.) by extensions ['ignore', 'ignore_ament_install']
[0.340s] Level 1:colcon.colcon_core.package_identification:_identify(.) by extension 'ignore'
[0.340s] Level 1:colcon.colcon_core.package_identification:_identify(.) by extension 'ignore_ament_install'
[0.341s] Level 1:colcon.colcon_core.package_identification:_identify(.) by extensions ['colcon_pkg']
[0.341s] Level 1:colcon.colcon_core.package_identification:_identify(.) by extension 'colcon_pkg'
[0.341s] Level 1:colcon.colcon_core.package_identification:_identify(.) by extensions ['colcon_meta']
[0.341s] Level 1:colcon.colcon_core.package_identification:_identify(.) by extension 'colcon_meta'
[0.341s] Level 1:colcon.colcon_core.package_identification:_identify(.) by extensions ['ros']
[0.341s] Level 1:colcon.colcon_core.package_identification:_identify(.) by extension 'ros'
[0.351s] Level 1:colcon.colcon_core.package_identification:_identify(.) by extensions ['cmake', 'python']
[0.352s] Level 1:colcon.colcon_core.package_identification:_identify(.) by extension 'cmake'
[0.352s] Level 1:colcon.colcon_core.package_identification:_identify(.) by extension 'python'
[0.352s] Level 1:colcon.colcon_core.package_identification:_identify(.) by extensions ['python_setup_py']
[0.352s] Level 1:colcon.colcon_core.package_identification:_identify(.) by extension 'python_setup_py'
[0.352s] Level 1:colcon.colcon_core.package_identification:_identify(build) by extensions ['ignore', 'ignore_ament_install']
[0.352s] Level 1:colcon.colcon_core.package_identification:_identify(build) by extension 'ignore'
[0.352s] Level 1:colcon.colcon_core.package_identification:_identify(build) ignored
[0.352s] Level 1:colcon.colcon_core.package_identification:_identify(install) by extensions ['ignore', 'ignore_ament_install']
[0.352s] Level 1:colcon.colcon_core.package_identification:_identify(install) by extension 'ignore'
[0.352s] Level 1:colcon.colcon_core.package_identification:_identify(install) ignored
[0.352s] Level 1:colcon.colcon_core.package_identification:_identify(log) by extensions ['ignore', 'ignore_ament_install']
[0.353s] Level 1:colcon.colcon_core.package_identification:_identify(log) by extension 'ignore'
[0.353s] Level 1:colcon.colcon_core.package_identification:_identify(log) ignored
[0.353s] Level 1:colcon.colcon_core.package_identification:_identify(src) by extensions ['ignore', 'ignore_ament_install']
[0.353s] Level 1:colcon.colcon_core.package_identification:_identify(src) by extension 'ignore'
[0.353s] Level 1:colcon.colcon_core.package_identification:_identify(src) by extension 'ignore_ament_install'
[0.353s] Level 1:colcon.colcon_core.package_identification:_identify(src) by extensions ['colcon_pkg']
[0.353s] Level 1:colcon.colcon_core.package_identification:_identify(src) by extension 'colcon_pkg'
[0.353s] Level 1:colcon.colcon_core.package_identification:_identify(src) by extensions ['colcon_meta']
[0.353s] Level 1:colcon.colcon_core.package_identification:_identify(src) by extension 'colcon_meta'
[0.353s] Level 1:colcon.colcon_core.package_identification:_identify(src) by extensions ['ros']
[0.353s] Level 1:colcon.colcon_core.package_identification:_identify(src) by extension 'ros'
[0.353s] Level 1:colcon.colcon_core.package_identification:_identify(src) by extensions ['cmake', 'python']
[0.353s] Level 1:colcon.colcon_core.package_identification:_identify(src) by extension 'cmake'
[0.353s] Level 1:colcon.colcon_core.package_identification:_identify(src) by extension 'python'
[0.353s] Level 1:colcon.colcon_core.package_identification:_identify(src) by extensions ['python_setup_py']
[0.353s] Level 1:colcon.colcon_core.package_identification:_identify(src) by extension 'python_setup_py'
[0.353s] Level 1:colcon.colcon_core.package_identification:_identify(src/cpp_nav2_control) by extensions ['ignore', 'ignore_ament_install']
[0.354s] Level 1:colcon.colcon_core.package_identification:_identify(src/cpp_nav2_control) by extension 'ignore'
[0.354s] Level 1:colcon.colcon_core.package_identification:_identify(src/cpp_nav2_control) by extension 'ignore_ament_install'
[0.354s] Level 1:colcon.colcon_core.package_identification:_identify(src/cpp_nav2_control) by extensions ['colcon_pkg']
[0.354s] Level 1:colcon.colcon_core.package_identification:_identify(src/cpp_nav2_control) by extension 'colcon_pkg'
[0.354s] Level 1:colcon.colcon_core.package_identification:_identify(src/cpp_nav2_control) by extensions ['colcon_meta']
[0.354s] Level 1:colcon.colcon_core.package_identification:_identify(src/cpp_nav2_control) by extension 'colcon_meta'
[0.354s] Level 1:colcon.colcon_core.package_identification:_identify(src/cpp_nav2_control) by extensions ['ros']
[0.354s] Level 1:colcon.colcon_core.package_identification:_identify(src/cpp_nav2_control) by extension 'ros'
[0.356s] DEBUG:colcon.colcon_core.package_identification:Package 'src/cpp_nav2_control' with type 'ros.ament_cmake' and name 'cpp_nav2_control'
[0.356s] Level 1:colcon.colcon_core.package_identification:_identify(src/my_slam_bringup) by extensions ['ignore', 'ignore_ament_install']
[0.357s] Level 1:colcon.colcon_core.package_identification:_identify(src/my_slam_bringup) by extension 'ignore'
[0.357s] Level 1:colcon.colcon_core.package_identification:_identify(src/my_slam_bringup) by extension 'ignore_ament_install'
[0.357s] Level 1:colcon.colcon_core.package_identification:_identify(src/my_slam_bringup) by extensions ['colcon_pkg']
[0.357s] Level 1:colcon.colcon_core.package_identification:_identify(src/my_slam_bringup) by extension 'colcon_pkg'
[0.357s] Level 1:colcon.colcon_core.package_identification:_identify(src/my_slam_bringup) by extensions ['colcon_meta']
[0.357s] Level 1:colcon.colcon_core.package_identification:_identify(src/my_slam_bringup) by extension 'colcon_meta'
[0.357s] Level 1:colcon.colcon_core.package_identification:_identify(src/my_slam_bringup) by extensions ['ros']
[0.357s] Level 1:colcon.colcon_core.package_identification:_identify(src/my_slam_bringup) by extension 'ros'
[0.358s] DEBUG:colcon.colcon_core.package_identification:Package 'src/my_slam_bringup' with type 'ros.ament_cmake' and name 'my_slam_bringup'
[0.358s] Level 1:colcon.colcon_core.package_discovery:discover_packages(recursive) using defaults
[0.358s] Level 1:colcon.colcon_core.package_discovery:discover_packages(ignore) discover
[0.358s] Level 1:colcon.colcon_core.package_discovery:discover_packages(ignore) using defaults
[0.358s] Level 1:colcon.colcon_core.package_discovery:discover_packages(path) discover
[0.358s] Level 1:colcon.colcon_core.package_discovery:discover_packages(path) using defaults
[0.379s] Level 1:colcon.colcon_core.package_discovery:discover_packages(prefix_path) check parameters
[0.379s] Level 1:colcon.colcon_core.package_discovery:discover_packages(prefix_path) discover
[0.382s] DEBUG:colcon.colcon_installed_package_information.package_discovery:Found 2 installed packages in /home/prajesh/slam_ws/install
[0.383s] DEBUG:colcon.colcon_installed_package_information.package_discovery:Found 12 installed packages in /home/prajesh/my_ws/install
[0.384s] DEBUG:colcon.colcon_installed_package_information.package_discovery:Found 3 installed packages in /home/prajesh/tbot_ws/install
[0.386s] DEBUG:colcon.colcon_installed_package_information.package_discovery:Found 383 installed packages in /opt/ros/humble
[0.388s] Level 1:colcon.colcon_core.package_discovery:discover_packages(prefix_path) using defaults
[0.468s] Level 5:colcon.colcon_core.verb:set package 'cpp_nav2_control' build argument 'cmake_args' from command line to 'None'
[0.468s] Level 5:colcon.colcon_core.verb:set package 'cpp_nav2_control' build argument 'cmake_target' from command line to 'None'
[0.468s] Level 5:colcon.colcon_core.verb:set package 'cpp_nav2_control' build argument 'cmake_target_skip_unavailable' from command line to 'False'
[0.468s] Level 5:colcon.colcon_core.verb:set package 'cpp_nav2_control' build argument 'cmake_clean_cache' from command line to 'False'
[0.468s] Level 5:colcon.colcon_core.verb:set package 'cpp_nav2_control' build argument 'cmake_clean_first' from command line to 'False'
[0.468s] Level 5:colcon.colcon_core.verb:set package 'cpp_nav2_control' build argument 'cmake_force_configure' from command line to 'False'
[0.468s] Level 5:colcon.colcon_core.verb:set package 'cpp_nav2_control' build argument 'ament_cmake_args' from command line to 'None'
[0.468s] Level 5:colcon.colcon_core.verb:set package 'cpp_nav2_control' build argument 'catkin_cmake_args' from command line to 'None'
[0.468s] Level 5:colcon.colcon_core.verb:set package 'cpp_nav2_control' build argument 'catkin_skip_building_tests' from command line to 'False'
[0.468s] DEBUG:colcon.colcon_core.verb:Building package 'cpp_nav2_control' with the following arguments: {'ament_cmake_args': None, 'build_base': '/home/prajesh/slam_ws/build/cpp_nav2_control', 'catkin_cmake_args': None, 'catkin_skip_building_tests': False, 'cmake_args': None, 'cmake_clean_cache': False, 'cmake_clean_first': False, 'cmake_force_configure': False, 'cmake_target': None, 'cmake_target_skip_unavailable': False, 'install_base': '/home/prajesh/slam_ws/install/cpp_nav2_control', 'merge_install': False, 'path': '/home/prajesh/slam_ws/src/cpp_nav2_control', 'symlink_install': False, 'test_result_base': None}
[0.469s] Level 5:colcon.colcon_core.verb:set package 'my_slam_bringup' build argument 'cmake_args' from command line to 'None'
[0.469s] Level 5:colcon.colcon_core.verb:set package 'my_slam_bringup' build argument 'cmake_target' from command line to 'None'
[0.469s] Level 5:colcon.colcon_core.verb:set package 'my_slam_bringup' build argument 'cmake_target_skip_unavailable' from command line to 'False'
[0.469s] Level 5:colcon.colcon_core.verb:set package 'my_slam_bringup' build argument 'cmake_clean_cache' from command line to 'False'
[0.469s] Level 5:colcon.colcon_core.verb:set package 'my_slam_bringup' build argument 'cmake_clean_first' from command line to 'False'
[0.469s] Level 5:colcon.colcon_core.verb:set package 'my_slam_bringup' build argument 'cmake_force_configure' from command line to 'False'
[0.469s] Level 5:colcon.colcon_core.verb:set package 'my_slam_bringup' build argument 'ament_cmake_args' from command line to 'None'
[0.469s] Level 5:colcon.colcon_core.verb:set package 'my_slam_bringup' build argument 'catkin_cmake_args' from command line to 'None'
[0.469s] Level 5:colcon.colcon_core.verb:set package 'my_slam_bringup' build argument 'catkin_skip_building_tests' from command line to 'False'
[0.469s] DEBUG:colcon.colcon_core.verb:Building package 'my_slam_bringup' with the following arguments: {'ament_cmake_args': None, 'build_base': '/home/prajesh/slam_ws/build/my_slam_bringup', 'catkin_cmake_args': None, 'catkin_skip_building_tests': False, 'cmake_args': None, 'cmake_clean_cache': False, 'cmake_clean_first': False, 'cmake_force_configure': False, 'cmake_target': None, 'cmake_target_skip_unavailable': False, 'install_base': '/home/prajesh/slam_ws/install/my_slam_bringup', 'merge_install': False, 'path': '/home/prajesh/slam_ws/src/my_slam_bringup', 'symlink_install': False, 'test_result_base': None}
[0.470s] INFO:colcon.colcon_core.executor:Executing jobs using 'parallel' executor
[0.473s] DEBUG:colcon.colcon_parallel_executor.executor.parallel:run_until_complete
[0.474s] INFO:colcon.colcon_ros.task.ament_cmake.build:Building ROS package in '/home/prajesh/slam_ws/src/cpp_nav2_control' with build type 'ament_cmake'
[0.474s] INFO:colcon.colcon_cmake.task.cmake.build:Building CMake package in '/home/prajesh/slam_ws/src/cpp_nav2_control'
[0.479s] INFO:colcon.colcon_core.plugin_system:Skipping extension 'colcon_core.shell.bat': Not used on non-Windows systems
[0.479s] INFO:colcon.colcon_core.shell:Skip shell extension 'powershell' for command environment: Not usable outside of PowerShell
[0.479s] DEBUG:colcon.colcon_core.shell:Skip shell extension 'dsv' for command environment
[0.494s] DEBUG:colcon.colcon_core.event_handler.log_command:Invoking command in '/home/prajesh/slam_ws/build/cpp_nav2_control': CMAKE_PREFIX_PATH=${CMAKE_PREFIX_PATH}:/home/prajesh/my_ws/install/py_server_test:/home/prajesh/my_ws/install/py_final_project:/home/prajesh/my_ws/install/my_py_pkg:/opt/ros/humble /usr/bin/cmake --build /home/prajesh/slam_ws/build/cpp_nav2_control -- -j8 -l8
[0.570s] DEBUG:colcon.colcon_core.event_handler.log_command:Invoked command in '/home/prajesh/slam_ws/build/cpp_nav2_control' returned '0': CMAKE_PREFIX_PATH=${CMAKE_PREFIX_PATH}:/home/prajesh/my_ws/install/py_server_test:/home/prajesh/my_ws/install/py_final_project:/home/prajesh/my_ws/install/my_py_pkg:/opt/ros/humble /usr/bin/cmake --build /home/prajesh/slam_ws/build/cpp_nav2_control -- -j8 -l8
[0.602s] DEBUG:colcon.colcon_core.event_handler.log_command:Invoking command in '/home/prajesh/slam_ws/build/cpp_nav2_control': CMAKE_PREFIX_PATH=${CMAKE_PREFIX_PATH}:/home/prajesh/my_ws/install/py_server_test:/home/prajesh/my_ws/install/py_final_project:/home/prajesh/my_ws/install/my_py_pkg:/opt/ros/humble /usr/bin/cmake --install /home/prajesh/slam_ws/build/cpp_nav2_control
[0.614s] Level 1:colcon.colcon_core.environment:create_environment_scripts_only(cpp_nav2_control)
[0.615s] DEBUG:colcon.colcon_core.event_handler.log_command:Invoked command in '/home/prajesh/slam_ws/build/cpp_nav2_control' returned '0': CMAKE_PREFIX_PATH=${CMAKE_PREFIX_PATH}:/home/prajesh/my_ws/install/py_server_test:/home/prajesh/my_ws/install/py_final_project:/home/prajesh/my_ws/install/my_py_pkg:/opt/ros/humble /usr/bin/cmake --install /home/prajesh/slam_ws/build/cpp_nav2_control
[0.621s] Level 1:colcon.colcon_core.environment:checking '/home/prajesh/slam_ws/install/cpp_nav2_control' for CMake module files
[0.622s] Level 1:colcon.colcon_core.environment:checking '/home/prajesh/slam_ws/install/cpp_nav2_control' for CMake config files
[0.623s] Level 1:colcon.colcon_core.shell:create_environment_hook('cpp_nav2_control', 'cmake_prefix_path')
[0.626s] INFO:colcon.colcon_core.shell:Creating environment hook '/home/prajesh/slam_ws/install/cpp_nav2_control/share/cpp_nav2_control/hook/cmake_prefix_path.ps1'
[0.627s] INFO:colcon.colcon_core.shell:Creating environment descriptor '/home/prajesh/slam_ws/install/cpp_nav2_control/share/cpp_nav2_control/hook/cmake_prefix_path.dsv'
[0.629s] INFO:colcon.colcon_core.shell:Creating environment hook '/home/prajesh/slam_ws/install/cpp_nav2_control/share/cpp_nav2_control/hook/cmake_prefix_path.sh'
[0.631s] Level 1:colcon.colcon_core.environment:checking '/home/prajesh/slam_ws/install/cpp_nav2_control/lib'
[0.631s] Level 1:colcon.colcon_core.environment:checking '/home/prajesh/slam_ws/install/cpp_nav2_control/bin'
[0.631s] Level 1:colcon.colcon_core.environment:checking '/home/prajesh/slam_ws/install/cpp_nav2_control/lib/pkgconfig/cpp_nav2_control.pc'
[0.632s] Level 1:colcon.colcon_core.environment:checking '/home/prajesh/slam_ws/install/cpp_nav2_control/lib/python3.10/site-packages'
[0.632s] Level 1:colcon.colcon_core.environment:checking '/home/prajesh/slam_ws/install/cpp_nav2_control/bin'
[0.634s] INFO:colcon.colcon_core.shell:Creating package script '/home/prajesh/slam_ws/install/cpp_nav2_control/share/cpp_nav2_control/package.ps1'
[0.636s] INFO:colcon.colcon_core.shell:Creating package descriptor '/home/prajesh/slam_ws/install/cpp_nav2_control/share/cpp_nav2_control/package.dsv'
[0.637s] INFO:colcon.colcon_core.shell:Creating package script '/home/prajesh/slam_ws/install/cpp_nav2_control/share/cpp_nav2_control/package.sh'
[0.638s] INFO:colcon.colcon_core.shell:Creating package script '/home/prajesh/slam_ws/install/cpp_nav2_control/share/cpp_nav2_control/package.bash'
[0.639s] INFO:colcon.colcon_core.shell:Creating package script '/home/prajesh/slam_ws/install/cpp_nav2_control/share/cpp_nav2_control/package.zsh'
[0.640s] Level 1:colcon.colcon_core.environment:create_file_with_runtime_dependencies(/home/prajesh/slam_ws/install/cpp_nav2_control/share/colcon-core/packages/cpp_nav2_control)
[0.667s] Level 1:colcon.colcon_core.environment:create_environment_scripts_only(cpp_nav2_control)
[0.669s] Level 1:colcon.colcon_core.environment:checking '/home/prajesh/slam_ws/install/cpp_nav2_control' for CMake module files
[0.670s] Level 1:colcon.colcon_core.environment:checking '/home/prajesh/slam_ws/install/cpp_nav2_control' for CMake config files
[0.670s] Level 1:colcon.colcon_core.shell:create_environment_hook('cpp_nav2_control', 'cmake_prefix_path')
[0.671s] INFO:colcon.colcon_core.shell:Creating environment hook '/home/prajesh/slam_ws/install/cpp_nav2_control/share/cpp_nav2_control/hook/cmake_prefix_path.ps1'
[0.672s] INFO:colcon.colcon_core.shell:Creating environment descriptor '/home/prajesh/slam_ws/install/cpp_nav2_control/share/cpp_nav2_control/hook/cmake_prefix_path.dsv'
[0.672s] INFO:colcon.colcon_core.shell:Creating environment hook '/home/prajesh/slam_ws/install/cpp_nav2_control/share/cpp_nav2_control/hook/cmake_prefix_path.sh'
[0.673s] Level 1:colcon.colcon_core.environment:checking '/home/prajesh/slam_ws/install/cpp_nav2_control/lib'
[0.673s] Level 1:colcon.colcon_core.environment:checking '/home/prajesh/slam_ws/install/cpp_nav2_control/bin'
[0.673s] Level 1:colcon.colcon_core.environment:checking '/home/prajesh/slam_ws/install/cpp_nav2_control/lib/pkgconfig/cpp_nav2_control.pc'
[0.673s] Level 1:colcon.colcon_core.environment:checking '/home/prajesh/slam_ws/install/cpp_nav2_control/lib/python3.10/site-packages'
[0.674s] Level 1:colcon.colcon_core.environment:checking '/home/prajesh/slam_ws/install/cpp_nav2_control/bin'
[0.675s] INFO:colcon.colcon_core.shell:Creating package script '/home/prajesh/slam_ws/install/cpp_nav2_control/share/cpp_nav2_control/package.ps1'
[0.676s] INFO:colcon.colcon_core.shell:Creating package descriptor '/home/prajesh/slam_ws/install/cpp_nav2_control/share/cpp_nav2_control/package.dsv'
[0.676s] INFO:colcon.colcon_core.shell:Creating package script '/home/prajesh/slam_ws/install/cpp_nav2_control/share/cpp_nav2_control/package.sh'
[0.677s] INFO:colcon.colcon_core.shell:Creating package script '/home/prajesh/slam_ws/install/cpp_nav2_control/share/cpp_nav2_control/package.bash'
[0.677s] INFO:colcon.colcon_core.shell:Creating package script '/home/prajesh/slam_ws/install/cpp_nav2_control/share/cpp_nav2_control/package.zsh'
[0.678s] Level 1:colcon.colcon_core.environment:create_file_with_runtime_dependencies(/home/prajesh/slam_ws/install/cpp_nav2_control/share/colcon-core/packages/cpp_nav2_control)
[0.678s] INFO:colcon.colcon_ros.task.ament_cmake.build:Building ROS package in '/home/prajesh/slam_ws/src/my_slam_bringup' with build type 'ament_cmake'
[0.679s] INFO:colcon.colcon_cmake.task.cmake.build:Building CMake package in '/home/prajesh/slam_ws/src/my_slam_bringup'
[0.680s] INFO:colcon.colcon_core.shell:Skip shell extension 'powershell' for command environment: Not usable outside of PowerShell
[0.680s] DEBUG:colcon.colcon_core.shell:Skip shell extension 'dsv' for command environment
[0.695s] DEBUG:colcon.colcon_core.event_handler.log_command:Invoking command in '/home/prajesh/slam_ws/build/my_slam_bringup': CMAKE_PREFIX_PATH=/home/prajesh/slam_ws/install/cpp_nav2_control:/home/prajesh/slam_ws/install/my_slam_bringup:/home/prajesh/my_ws/install/my_robot_bringup:/home/prajesh/my_ws/install/my_robot_interfaces:/home/prajesh/my_ws/install/my_cpp_pkg:/home/prajesh/my_ws/install/led_system:/home/prajesh/my_ws/install/cpp_test_pkg:/home/prajesh/my_ws/install/cpp_service_test:/home/prajesh/my_ws/install/cpp_practice:/home/prajesh/my_ws/install/cpp_final_project:/home/prajesh/my_ws/install/battery_interfaces:/home/prajesh/tbot_ws/install/turtlebot3_simulations:/home/prajesh/tbot_ws/install/turtlebot3_gazebo:/home/prajesh/tbot_ws/install/turtlebot3_fake_node:/home/prajesh/my_ws/install/py_server_test:/home/prajesh/my_ws/install/py_final_project:/home/prajesh/my_ws/install/my_py_pkg:/opt/ros/humble /usr/bin/cmake --build /home/prajesh/slam_ws/build/my_slam_bringup -- -j8 -l8
[0.736s] DEBUG:colcon.colcon_core.event_handler.log_command:Invoked command in '/home/prajesh/slam_ws/build/my_slam_bringup' returned '0': CMAKE_PREFIX_PATH=/home/prajesh/slam_ws/install/cpp_nav2_control:/home/prajesh/slam_ws/install/my_slam_bringup:/home/prajesh/my_ws/install/my_robot_bringup:/home/prajesh/my_ws/install/my_robot_interfaces:/home/prajesh/my_ws/install/my_cpp_pkg:/home/prajesh/my_ws/install/led_system:/home/prajesh/my_ws/install/cpp_test_pkg:/home/prajesh/my_ws/install/cpp_service_test:/home/prajesh/my_ws/install/cpp_practice:/home/prajesh/my_ws/install/cpp_final_project:/home/prajesh/my_ws/install/battery_interfaces:/home/prajesh/tbot_ws/install/turtlebot3_simulations:/home/prajesh/tbot_ws/install/turtlebot3_gazebo:/home/prajesh/tbot_ws/install/turtlebot3_fake_node:/home/prajesh/my_ws/install/py_server_test:/home/prajesh/my_ws/install/py_final_project:/home/prajesh/my_ws/install/my_py_pkg:/opt/ros/humble /usr/bin/cmake --build /home/prajesh/slam_ws/build/my_slam_bringup -- -j8 -l8
[0.761s] DEBUG:colcon.colcon_core.event_handler.log_command:Invoking command in '/home/prajesh/slam_ws/build/my_slam_bringup': CMAKE_PREFIX_PATH=/home/prajesh/slam_ws/install/cpp_nav2_control:/home/prajesh/slam_ws/install/my_slam_bringup:/home/prajesh/my_ws/install/my_robot_bringup:/home/prajesh/my_ws/install/my_robot_interfaces:/home/prajesh/my_ws/install/my_cpp_pkg:/home/prajesh/my_ws/install/led_system:/home/prajesh/my_ws/install/cpp_test_pkg:/home/prajesh/my_ws/install/cpp_service_test:/home/prajesh/my_ws/install/cpp_practice:/home/prajesh/my_ws/install/cpp_final_project:/home/prajesh/my_ws/install/battery_interfaces:/home/prajesh/tbot_ws/install/turtlebot3_simulations:/home/prajesh/tbot_ws/install/turtlebot3_gazebo:/home/prajesh/tbot_ws/install/turtlebot3_fake_node:/home/prajesh/my_ws/install/py_server_test:/home/prajesh/my_ws/install/py_final_project:/home/prajesh/my_ws/install/my_py_pkg:/opt/ros/humble /usr/bin/cmake --install /home/prajesh/slam_ws/build/my_slam_bringup
[0.770s] Level 1:colcon.colcon_core.environment:create_environment_scripts_only(my_slam_bringup)
[0.772s] Level 1:colcon.colcon_core.environment:checking '/home/prajesh/slam_ws/install/my_slam_bringup' for CMake module files
[0.774s] DEBUG:colcon.colcon_core.event_handler.log_command:Invoked command in '/home/prajesh/slam_ws/build/my_slam_bringup' returned '0': CMAKE_PREFIX_PATH=/home/prajesh/slam_ws/install/cpp_nav2_control:/home/prajesh/slam_ws/install/my_slam_bringup:/home/prajesh/my_ws/install/my_robot_bringup:/home/prajesh/my_ws/install/my_robot_interfaces:/home/prajesh/my_ws/install/my_cpp_pkg:/home/prajesh/my_ws/install/led_system:/home/prajesh/my_ws/install/cpp_test_pkg:/home/prajesh/my_ws/install/cpp_service_test:/home/prajesh/my_ws/install/cpp_practice:/home/prajesh/my_ws/install/cpp_final_project:/home/prajesh/my_ws/install/battery_interfaces:/home/prajesh/tbot_ws/install/turtlebot3_simulations:/home/prajesh/tbot_ws/install/turtlebot3_gazebo:/home/prajesh/tbot_ws/install/turtlebot3_fake_node:/home/prajesh/my_ws/install/py_server_test:/home/prajesh/my_ws/install/py_final_project:/home/prajesh/my_ws/install/my_py_pkg:/opt/ros/humble /usr/bin/cmake --install /home/prajesh/slam_ws/build/my_slam_bringup
[0.775s] Level 1:colcon.colcon_core.environment:checking '/home/prajesh/slam_ws/install/my_slam_bringup' for CMake config files
[0.775s] Level 1:colcon.colcon_core.shell:create_environment_hook('my_slam_bringup', 'cmake_prefix_path')
[0.776s] INFO:colcon.colcon_core.shell:Creating environment hook '/home/prajesh/slam_ws/install/my_slam_bringup/share/my_slam_bringup/hook/cmake_prefix_path.ps1'
[0.777s] INFO:colcon.colcon_core.shell:Creating environment descriptor '/home/prajesh/slam_ws/install/my_slam_bringup/share/my_slam_bringup/hook/cmake_prefix_path.dsv'
[0.778s] INFO:colcon.colcon_core.shell:Creating environment hook '/home/prajesh/slam_ws/install/my_slam_bringup/share/my_slam_bringup/hook/cmake_prefix_path.sh'
[0.779s] Level 1:colcon.colcon_core.environment:checking '/home/prajesh/slam_ws/install/my_slam_bringup/bin'
[0.779s] Level 1:colcon.colcon_core.environment:checking '/home/prajesh/slam_ws/install/my_slam_bringup/lib/pkgconfig/my_slam_bringup.pc'
[0.779s] Level 1:colcon.colcon_core.environment:checking '/home/prajesh/slam_ws/install/my_slam_bringup/lib/python3.10/site-packages'
[0.779s] Level 1:colcon.colcon_core.environment:checking '/home/prajesh/slam_ws/install/my_slam_bringup/bin'
[0.781s] INFO:colcon.colcon_core.shell:Creating package script '/home/prajesh/slam_ws/install/my_slam_bringup/share/my_slam_bringup/package.ps1'
[0.781s] INFO:colcon.colcon_core.shell:Creating package descriptor '/home/prajesh/slam_ws/install/my_slam_bringup/share/my_slam_bringup/package.dsv'
[0.782s] INFO:colcon.colcon_core.shell:Creating package script '/home/prajesh/slam_ws/install/my_slam_bringup/share/my_slam_bringup/package.sh'
[0.782s] INFO:colcon.colcon_core.shell:Creating package script '/home/prajesh/slam_ws/install/my_slam_bringup/share/my_slam_bringup/package.bash'
[0.783s] INFO:colcon.colcon_core.shell:Creating package script '/home/prajesh/slam_ws/install/my_slam_bringup/share/my_slam_bringup/package.zsh'
[0.783s] Level 1:colcon.colcon_core.environment:create_file_with_runtime_dependencies(/home/prajesh/slam_ws/install/my_slam_bringup/share/colcon-core/packages/my_slam_bringup)
[0.809s] Level 1:colcon.colcon_core.environment:create_environment_scripts_only(my_slam_bringup)
[0.811s] Level 1:colcon.colcon_core.environment:checking '/home/prajesh/slam_ws/install/my_slam_bringup' for CMake module files
[0.812s] Level 1:colcon.colcon_core.environment:checking '/home/prajesh/slam_ws/install/my_slam_bringup' for CMake config files
[0.812s] Level 1:colcon.colcon_core.shell:create_environment_hook('my_slam_bringup', 'cmake_prefix_path')
[0.813s] INFO:colcon.colcon_core.shell:Creating environment hook '/home/prajesh/slam_ws/install/my_slam_bringup/share/my_slam_bringup/hook/cmake_prefix_path.ps1'
[0.814s] INFO:colcon.colcon_core.shell:Creating environment descriptor '/home/prajesh/slam_ws/install/my_slam_bringup/share/my_slam_bringup/hook/cmake_prefix_path.dsv'
[0.814s] INFO:colcon.colcon_core.shell:Creating environment hook '/home/prajesh/slam_ws/install/my_slam_bringup/share/my_slam_bringup/hook/cmake_prefix_path.sh'
[0.815s] Level 1:colcon.colcon_core.environment:checking '/home/prajesh/slam_ws/install/my_slam_bringup/bin'
[0.815s] Level 1:colcon.colcon_core.environment:checking '/home/prajesh/slam_ws/install/my_slam_bringup/lib/pkgconfig/my_slam_bringup.pc'
[0.815s] Level 1:colcon.colcon_core.environment:checking '/home/prajesh/slam_ws/install/my_slam_bringup/lib/python3.10/site-packages'
[0.816s] Level 1:colcon.colcon_core.environment:checking '/home/prajesh/slam_ws/install/my_slam_bringup/bin'
[0.817s] INFO:colcon.colcon_core.shell:Creating package script '/home/prajesh/slam_ws/install/my_slam_bringup/share/my_slam_bringup/package.ps1'
[0.818s] INFO:colcon.colcon_core.shell:Creating package descriptor '/home/prajesh/slam_ws/install/my_slam_bringup/share/my_slam_bringup/package.dsv'
[0.819s] INFO:colcon.colcon_core.shell:Creating package script '/home/prajesh/slam_ws/install/my_slam_bringup/share/my_slam_bringup/package.sh'
[0.820s] INFO:colcon.colcon_core.shell:Creating package script '/home/prajesh/slam_ws/install/my_slam_bringup/share/my_slam_bringup/package.bash'
[0.821s] INFO:colcon.colcon_core.shell:Creating package script '/home/prajesh/slam_ws/install/my_slam_bringup/share/my_slam_bringup/package.zsh'
[0.821s] Level 1:colcon.colcon_core.environment:create_file_with_runtime_dependencies(/home/prajesh/slam_ws/install/my_slam_bringup/share/colcon-core/packages/my_slam_bringup)
[0.822s] DEBUG:colcon.colcon_parallel_executor.executor.parallel:closing loop
[0.823s] DEBUG:colcon.colcon_parallel_executor.executor.parallel:loop closed
[0.823s] DEBUG:colcon.colcon_parallel_executor.executor.parallel:run_until_complete finished with '0'
[0.823s] DEBUG:colcon.colcon_core.event_reactor:joining thread
[0.829s] INFO:colcon.colcon_core.plugin_system:Skipping extension 'colcon_notification.desktop_notification.terminal_notifier': Not used on non-Darwin systems
[0.829s] INFO:colcon.colcon_core.plugin_system:Skipping extension 'colcon_notification.desktop_notification.win32': Not used on non-Windows systems
[0.829s] INFO:colcon.colcon_notification.desktop_notification:Sending desktop notification using 'notify2'
[0.842s] DEBUG:colcon.colcon_core.event_reactor:joined thread
[0.844s] INFO:colcon.colcon_core.shell:Creating prefix script '/home/prajesh/slam_ws/install/local_setup.ps1'
[0.845s] INFO:colcon.colcon_core.shell:Creating prefix util module '/home/prajesh/slam_ws/install/_local_setup_util_ps1.py'
[0.847s] INFO:colcon.colcon_core.shell:Creating prefix chain script '/home/prajesh/slam_ws/install/setup.ps1'
[0.850s] INFO:colcon.colcon_core.shell:Creating prefix script '/home/prajesh/slam_ws/install/local_setup.sh'
[0.852s] INFO:colcon.colcon_core.shell:Creating prefix util module '/home/prajesh/slam_ws/install/_local_setup_util_sh.py'
[0.853s] INFO:colcon.colcon_core.shell:Creating prefix chain script '/home/prajesh/slam_ws/install/setup.sh'
[0.857s] INFO:colcon.colcon_core.shell:Creating prefix script '/home/prajesh/slam_ws/install/local_setup.bash'
[0.858s] INFO:colcon.colcon_core.shell:Creating prefix chain script '/home/prajesh/slam_ws/install/setup.bash'
[0.862s] INFO:colcon.colcon_core.shell:Creating prefix script '/home/prajesh/slam_ws/install/local_setup.zsh'
[0.863s] INFO:colcon.colcon_core.shell:Creating prefix chain script '/home/prajesh/slam_ws/install/setup.zsh'
